#
# A fatal error has been detected by the Java Runtime Environment:
#
#  EXCEPTION_ACCESS_VIOLATION (0xc0000005) at pc=0x00007ff83bd9d65a, pid=11416, tid=13228
#
# JRE version: OpenJDK Runtime Environment (17.0.2+8) (build 17.0.2+8-86)
# Java VM: OpenJDK 64-Bit Server VM (17.0.2+8-86, mixed mode, sharing, tiered, compressed oops, compressed class ptrs, g1 gc, windows-amd64)
# Problematic frame:
# V  [jvm.dll+0x73d65a]
#
# No core dump will be written. Minidumps are not enabled by default on client versions of Windows
#
# If you would like to submit a bug report, please visit:
#   https://bugreport.java.com/bugreport/crash.jsp
#

---------------  S U M M A R Y ------------

Command Line: -XX:+ShowCodeDetailsInExceptionMessages -agentlib:jdwp=transport=dt_socket,suspend=y,address=localhost:59267 -Djosm.userdata=C:\Users\Idema\AppData\Roaming\JOSM_ECLIPSE_ODS6 -Djosm.pref=C:\Users\Idema\AppData\Roaming\JOSM_ECLIPSE_ODS6 --add-opens=java.base/java.lang=ALL-UNNAMED --add-opens=java.base/jdk.internal.loader=ALL-UNNAMED --add-opens=java.base/sun.security.x509=ALL-UNNAMED --add-opens=java.desktop/javax.imageio.spi=ALL-UNNAMED --add-opens=java.desktop/javax.swing.text.html=ALL-UNNAMED --add-opens=java.prefs/java.util.prefs=ALL-UNNAMED -javaagent:C:\Users\Idema\eclipse\java-latest-released\eclipse\configuration\org.eclipse.osgi\1327\0\.cp\lib\javaagent-shaded.jar -Dfile.encoding=UTF-8 --module-path=C:\Users\Idema\.m2\repository\javax\media\jai_core\1.1.3\jai_core-1.1.3.jar org.openstreetmap.josm.gui.MainApplication

Host: Intel(R) Core(TM) i5-3210M CPU @ 2.50GHz, 4 cores, 7G,  Windows 10 , 64 bit Build 19041 (10.0.19041.1023)
Time: Sat Apr 16 19:41:23 2022 West-Europa (zomertijd) elapsed time: 4277.331339 seconds (0d 1h 11m 17s)

---------------  T H R E A D  ---------------

Current thread (0x00000148ff5f38a0):  JavaThread "JDWP Transport Listener: dt_socket" daemon [_thread_in_vm, id=13228, stack(0x0000000977400000,0x0000000977500000)]

Stack: [0x0000000977400000,0x0000000977500000],  sp=0x00000009774ff6c0,  free space=1021k
Native frames: (J=compiled Java code, j=interpreted, Vv=VM code, C=native code)
V  [jvm.dll+0x73d65a]
V  [jvm.dll+0x504e0c]
V  [jvm.dll+0x4d0634]
C  [jdwp.dll+0x22e9f]


siginfo: EXCEPTION_ACCESS_VIOLATION (0xc0000005), reading address 0x000000000081003f


Register to memory mapping:

RIP=0x00007ff83bd9d65a jvm.dll
RAX=0x0000000000000080 is an unknown value
RBX=0x00000148fe7bbbd2 points into unknown readable memory: 42 61 67 53 74 61
RCX=0x000000000081003b is an unknown value
RDX=0x000001488a56f2e0 points into unknown readable memory: 0x65706f2f67726f4c | 4c 6f 72 67 2f 6f 70 65
RSP=0x00000009774ff6c0 is pointing into the stack for thread: 0x00000148ff5f38a0
RBP=0x00000148ff5eba50 points into unknown readable memory: 0x0000000000000002 | 02 00 00 00 00 00 00 00
RSI=0x0 is NULL
RDI=0xffffffffffffffff is an unknown value
R8 =0x0000000000000031 is an unknown value
R9 =0x0000000000000040 is an unknown value
R10=0x0 is NULL
R11=0x00000009774ff6e0 is pointing into the stack for thread: 0x00000148ff5f38a0
R12=0x00000009774ff818 is pointing into the stack for thread: 0x00000148ff5f38a0
R13=0x0 is NULL
R14=0x00000008013b4b00 is a pointer to class: 
org.openstreetmap.josm.plugins.ods.bag.osm.build.BagStandplaatsPrimitiveBuilder {0x00000008013b4b08}
 - instance size:     2
 - klass size:        75
 - access:            public synchronized 
 - state:             fully_initialized
 - name:              'org/openstreetmap/josm/plugins/ods/bag/osm/build/BagStandplaatsPrimitiveBuilder'
 - super:             'org/openstreetmap/josm/plugins/ods/bag/osm/build/BagEntityPrimitiveBuilder'
 - sub:               
 - arrays:            NULL
 - methods:           Array<T>(0x0000014891b57e00)
 - method ordering:   Array<T>(0x0000014891b60368)
 - default_methods:   Array<T>(0x0000000000000000)
 - local interfaces:  Array<T>(0x00000008005cf2a8)
 - trans. interfaces: Array<T>(0x000001489196acf8)
 - constants:         constant pool [172]/operands[14] {0x0000014891b61100} for 'org/openstreetmap/josm/plugins/ods/bag/osm/build/BagStandplaatsPrimitiveBuilder' cache=0x0000014891b61718
 - class loader data:  loader data: 0x00000148ff4e2100 for instance a 'jdk/internal/loader/ClassLoaders$AppClassLoader'{0x0000000082a00000}
 - source file:       'BagStandplaatsPrimitiveBuilder.java'
 - source debug extension:       SMAP
BagStandplaatsPrimitiveBuilder.java
Java
*S jdt
*F
1 BagStandplaatsPrimitiveBuilder.java
2 file:/C:/Users/Idema/git/josm-ods-bag/target/classes/
*L
*E

 - class annotations:       Array<T>(0x0000000000000000)
 - class type annotations:  Array<T>(0x0000000000000000)
 - field annotations:       Array<T>(0x0000000000000000)
 - field type annotations:  Array<T>(0x0000000000000000)
 - generic signature: '
[error occurred during error reporting (printing register info), id 0xc0000005, EXCEPTION_ACCESS_VIOLATION (0xc0000005) at pc=0x00007ff83bd9e266]

Registers:
RAX=0x0000000000000080, RBX=0x00000148fe7bbbd2, RCX=0x000000000081003b, RDX=0x000001488a56f2e0
RSP=0x00000009774ff6c0, RBP=0x00000148ff5eba50, RSI=0x0000000000000000, RDI=0xffffffffffffffff
R8 =0x0000000000000031, R9 =0x0000000000000040, R10=0x0000000000000000, R11=0x00000009774ff6e0
R12=0x00000009774ff818, R13=0x0000000000000000, R14=0x00000008013b4b00, R15=0x00000009774ff840
RIP=0x00007ff83bd9d65a, EFLAGS=0x0000000000010206

Top of Stack: (sp=0x00000009774ff6c0)
0x00000009774ff6c0:   000000000000004f 00000008013b4b00
0x00000009774ff6d0:   00000148874e9da0 00007ff8786347b1
0x00000009774ff6e0:   ffffffffffffffff 00007ff83bb64e0c
0x00000009774ff6f0:   00000148fe7bbbd2 00000148fe7bbb80
0x00000009774ff700:   00000148ff5eba50 0000000000000000
0x00000009774ff710:   00000148fe7bbb20 00000000000003d8
0x00000009774ff720:   00000148fe7bbb30 00000148fe7bbf08
0x00000009774ff730:   0000000000015801 00000009774ff818
0x00000009774ff740:   0000000000000007 00000148ff5f3b48
0x00000009774ff750:   000000008487bd18 00007ff83bb30634
0x00000009774ff760:   00000148ff5f38a0 00000009774ff840
0x00000009774ff770:   00000148e6e85730 00000009774ff840
0x00000009774ff780:   00000148ff5f38a0 0000000000000000
0x00000009774ff790:   0000000000000000 0000000000000000
0x00000009774ff7a0:   00000148ff6835c8 00007ff859ad2e9f
0x00000009774ff7b0:   00000009774ff838 00007ff859ae1830 

Instructions: (pc=0x00007ff83bd9d65a)
0x00007ff83bd9d55a:   48 83 c4 20 5f e9 8c 75 96 ff cc cc cc cc cc cc
0x00007ff83bd9d56a:   cc cc cc cc cc cc 48 89 5c 24 08 57 48 83 ec 20
0x00007ff83bd9d57a:   83 fa 02 8d 42 06 b9 08 00 00 00 49 8b d8 0f 4e
0x00007ff83bd9d58a:   c1 48 63 c8 48 83 c1 07 83 e1 f8 48 63 f9 49 8b
0x00007ff83bd9d59a:   48 18 48 8b c7 48 f7 d0 48 3b c1 73 16 4c 8d 05
0x00007ff83bd9d5aa:   8a 52 17 00 48 8b d7 48 8b cb e8 97 d8 96 ff 48
0x00007ff83bd9d5ba:   8b 4b 18 48 8d 04 39 48 3b 43 20 76 18 45 33 c0
0x00007ff83bd9d5ca:   48 8b d7 48 8b cb 48 8b 5c 24 30 48 83 c4 20 5f
0x00007ff83bd9d5da:   e9 f1 d4 96 ff 48 89 43 18 48 8b c1 48 8b 5c 24
0x00007ff83bd9d5ea:   30 48 83 c4 20 5f c3 cc cc cc cc cc cc cc cc cc
0x00007ff83bd9d5fa:   cc cc cc cc cc cc 4c 8b d2 4c 8b d9 45 85 c0 7e
0x00007ff83bd9d60a:   3c 44 0f b7 49 04 41 8d 40 ff 41 3b c1 44 0f 4c
0x00007ff83bd9d61a:   c8 4d 63 c1 45 85 c9 7e 1f 48 8b c2 4c 2b da 49
0x00007ff83bd9d62a:   8b d0 0f 1f 40 00 41 0f b6 4c 03 06 88 08 48 8d
0x00007ff83bd9d63a:   40 01 48 83 ea 01 75 ee 43 c6 04 10 00 49 8b c2
0x00007ff83bd9d64a:   c3 cc cc cc cc cc 48 89 5c 24 08 57 48 83 ec 20
0x00007ff83bd9d65a:   0f b7 59 04 48 8b f9 33 d2 48 8d 4b 01 e8 44 96
0x00007ff83bd9d66a:   f8 ff 0f b7 57 04 4c 8b c0 3b da 0f 42 d3 44 8b
0x00007ff83bd9d67a:   ca 85 d2 74 39 48 2b f8 0f 1f 40 00 66 66 0f 1f
0x00007ff83bd9d68a:   84 00 00 00 00 00 0f b6 4c 07 06 88 08 48 ff c0
0x00007ff83bd9d69a:   48 8b c8 49 2b c8 49 3b c9 7c eb 42 c6 04 02 00
0x00007ff83bd9d6aa:   49 8b c0 48 8b 5c 24 30 48 83 c4 20 5f c3 48 8b
0x00007ff83bd9d6ba:   5c 24 30 c6 04 02 00 48 83 c4 20 5f c3 cc cc cc
0x00007ff83bd9d6ca:   cc cc cc cc cc cc 4c 8b d1 45 85 c0 7e 6c 44 0f
0x00007ff83bd9d6da:   b7 49 04 41 8d 40 ff 41 3b c1 44 0f 4c c8 4d 63
0x00007ff83bd9d6ea:   d9 45 85 c9 7e 22 48 8b ca 4c 2b d2 4d 8b c3 0f
0x00007ff83bd9d6fa:   1f 80 00 00 00 00 41 0f b6 44 0a 06 88 01 48 8d
0x00007ff83bd9d70a:   49 01 49 83 e8 01 75 ee 41 c6 04 13 00 48 c7 c0
0x00007ff83bd9d71a:   ff ff ff ff 66 90 48 ff c0 80 3c 02 00 75 f7 48
0x00007ff83bd9d72a:   63 c8 85 c0 48 8b c2 7e 14 80 38 2f 75 03 c6 00
0x00007ff83bd9d73a:   2e 48 ff c0 48 83 e9 01 75 ef 48 8b c2 c3 cc cc
0x00007ff83bd9d74a:   cc cc cc cc cc cc 48 83 ec 28 e8 f7 fe ff ff 4c 


Stack slot to memory mapping:
stack at sp + 0 slots: 0x000000000000004f is an unknown value
stack at sp + 1 slots: 0x00000008013b4b00 is a pointer to class: 
org.openstreetmap.josm.plugins.ods.bag.osm.build.BagStandplaatsPrimitiveBuilder {0x00000008013b4b08}
 - instance size:     2
 - klass size:        75
 - access:            public synchronized 
 - state:             fully_initialized
 - name:              'org/openstreetmap/josm/plugins/ods/bag/osm/build/BagStandplaatsPrimitiveBuilder'
 - super:             'org/openstreetmap/josm/plugins/ods/bag/osm/build/BagEntityPrimitiveBuilder'
 - sub:               
 - arrays:            NULL
 - methods:           Array<T>(0x0000014891b57e00)
 - method ordering:   Array<T>(0x0000014891b60368)
 - default_methods:   Array<T>(0x0000000000000000)
 - local interfaces:  Array<T>(0x00000008005cf2a8)
 - trans. interfaces: Array<T>(0x000001489196acf8)
 - constants:         constant pool [172]/operands[14] {0x0000014891b61100} for 'org/openstreetmap/josm/plugins/ods/bag/osm/build/BagStandplaatsPrimitiveBuilder' cache=0x0000014891b61718
 - class loader data:  loader data: 0x00000148ff4e2100 for instance a 'jdk/internal/loader/ClassLoaders$AppClassLoader'{0x0000000082a00000}
 - source file:       'BagStandplaatsPrimitiveBuilder.java'
 - source debug extension:       SMAP
BagStandplaatsPrimitiveBuilder.java
Java
*S jdt
*F
1 BagStandplaatsPrimitiveBuilder.java
2 file:/C:/Users/Idema/git/josm-ods-bag/target/classes/
*L
*E

 - class annotations:       Array<T>(0x0000000000000000)
 - class type annotations:  Array<T>(0x0000000000000000)
 - field annotations:       Array<T>(0x0000000000000000)
 - field type annotations:  Array<T>(0x0000000000000000)
 - generic signature: '
[error occurred during error reporting (inspecting top of stack), id 0xc0000005, EXCEPTION_ACCESS_VIOLATION (0xc0000005) at pc=0x00007ff83bd9e266]


---------------  P R O C E S S  ---------------

Threads class SMR info:
_java_thread_list=0x0000014886d84430, length=61, elements={
0x00000148fe74d1b0, 0x00000148fe74e6d0, 0x00000148fe760230, 0x00000148fe7624a0,
0x00000148fe767190, 0x00000148fe76d2a0, 0x00000148fe76e630, 0x00000148fe76f6d0,
0x00000148fe784b60, 0x00000148fe736210, 0x00000148ff5f38a0, 0x00000148ff5f4740,
0x00000148ff607f50, 0x00000148ff7fe950, 0x0000014886d02910, 0x00000148870dcc20,
0x00000148869772c0, 0x0000014886978130, 0x0000014886d803a0, 0x0000014886d7f060,
0x0000014886d7d380, 0x0000014886d82550, 0x0000014886d7c9e0, 0x0000014886d81bb0,
0x0000014889e3b030, 0x0000014889e39350, 0x0000014886d7eb90, 0x0000014886d82a20,
0x000001488ccaf990, 0x000001488cca8610, 0x000001488ccaeb20, 0x000001488ccaeff0,
0x000001488ccae650, 0x000001488cca9950, 0x000001488cca9e20, 0x000001488ccaa2f0,
0x000001488ccaac90, 0x000001488ccab160, 0x000001488ccab630, 0x000001488ccac970,
0x000001488ccace40, 0x000001488ccad310, 0x000001488ccad7e0, 0x000001488ccadcb0,
0x0000014889e3c840, 0x0000014889e3a690, 0x000001488b9301d0, 0x000001488b9353a0,
0x000001488b934530, 0x000001488b9336c0, 0x000001488b934ed0, 0x000001488b9306a0,
0x000001488b936210, 0x000001488b935870, 0x000001488b935d40, 0x000001488b936bb0,
0x000001488b9366e0, 0x000001488b937550, 0x000001488638e310, 0x000001488638a950,
0x000001488638b2f0
}

Java Threads: ( => current thread )
  0x00000148fe74d1b0 JavaThread "Reference Handler" daemon [_thread_blocked, id=12792, stack(0x0000000976900000,0x0000000976a00000)]
  0x00000148fe74e6d0 JavaThread "Finalizer" daemon [_thread_blocked, id=7124, stack(0x0000000976a00000,0x0000000976b00000)]
  0x00000148fe760230 JavaThread "Signal Dispatcher" daemon [_thread_blocked, id=220, stack(0x0000000976b00000,0x0000000976c00000)]
  0x00000148fe7624a0 JavaThread "Attach Listener" daemon [_thread_blocked, id=6620, stack(0x0000000976c00000,0x0000000976d00000)]
  0x00000148fe767190 JavaThread "Service Thread" daemon [_thread_blocked, id=13284, stack(0x0000000976d00000,0x0000000976e00000)]
  0x00000148fe76d2a0 JavaThread "Monitor Deflation Thread" daemon [_thread_blocked, id=8376, stack(0x0000000976e00000,0x0000000976f00000)]
  0x00000148fe76e630 JavaThread "C2 CompilerThread0" daemon [_thread_blocked, id=10300, stack(0x0000000976f00000,0x0000000977000000)]
  0x00000148fe76f6d0 JavaThread "C1 CompilerThread0" daemon [_thread_blocked, id=7728, stack(0x0000000977000000,0x0000000977100000)]
  0x00000148fe784b60 JavaThread "Sweeper thread" daemon [_thread_blocked, id=7772, stack(0x0000000977100000,0x0000000977200000)]
  0x00000148fe736210 JavaThread "Common-Cleaner" daemon [_thread_blocked, id=2284, stack(0x0000000977200000,0x0000000977300000)]
=>0x00000148ff5f38a0 JavaThread "JDWP Transport Listener: dt_socket" daemon [_thread_in_vm, id=13228, stack(0x0000000977400000,0x0000000977500000)]
  0x00000148ff5f4740 JavaThread "JDWP Event Helper Thread" daemon [_thread_blocked, id=396, stack(0x0000000977500000,0x0000000977600000)]
  0x00000148ff607f50 JavaThread "JDWP Command Reader" daemon [_thread_in_native, id=3168, stack(0x0000000977600000,0x0000000977700000)]
  0x00000148ff7fe950 JavaThread "Notification Thread" daemon [_thread_blocked, id=7844, stack(0x0000000977700000,0x0000000977800000)]
  0x0000014886d02910 JavaThread "Java2D Disposer" daemon [_thread_blocked, id=236, stack(0x0000000977e00000,0x0000000977f00000)]
  0x00000148870dcc20 JavaThread "AWT-Windows" daemon [_thread_in_native, id=10720, stack(0x0000000978000000,0x0000000978100000)]
  0x00000148869772c0 JavaThread "main-worker-0" [_thread_blocked, id=9380, stack(0x0000000977f00000,0x0000000978000000)]
  0x0000014886978130 JavaThread "AWT-Shutdown" [_thread_blocked, id=7780, stack(0x0000000978200000,0x0000000978300000)]
  0x0000014886d803a0 JavaThread "AWT-EventQueue-0" [_thread_blocked, id=8956, stack(0x0000000978300000,0x0000000978400000)]
  0x0000014886d7f060 JavaThread "TimerQueue" daemon [_thread_blocked, id=10140, stack(0x0000000978400000,0x0000000978500000)]
  0x0000014886d7d380 JavaThread "FileSystemWatchService" daemon [_thread_in_native, id=8936, stack(0x0000000978800000,0x0000000978900000)]
  0x0000014886d82550 JavaThread "File Watcher" [_thread_blocked, id=2448, stack(0x0000000978900000,0x0000000978a00000)]
  0x0000014886d7c9e0 JavaThread "Weak reference cleaner" [_thread_blocked, id=8748, stack(0x0000000978a00000,0x0000000978b00000)]
  0x0000014886d81bb0 JavaThread "JCS-ElementEventQueue-Thread-1" daemon [_thread_blocked, id=9524, stack(0x0000000978c00000,0x0000000978d00000)]
  0x0000014889e3b030 JavaThread "Timer-0" daemon [_thread_blocked, id=11752, stack(0x0000000979200000,0x0000000979300000)]
  0x0000014889e39350 JavaThread "Timer-1" [_thread_blocked, id=8916, stack(0x0000000979000000,0x0000000979100000)]
  0x0000014886d7eb90 JavaThread "message-notifier-0" [_thread_blocked, id=8508, stack(0x0000000979400000,0x0000000979500000)]
  0x0000014886d82a20 JavaThread "changeset-updater-0" [_thread_blocked, id=11696, stack(0x0000000979500000,0x0000000979600000)]
  0x000001488ccaf990 JavaThread "DestroyJavaVM" [_thread_blocked, id=9132, stack(0x0000000976200000,0x0000000976300000)]
  0x000001488cca8610 JavaThread "Timer-2" daemon [_thread_blocked, id=2920, stack(0x0000000979600000,0x0000000979700000)]
  0x000001488ccaeb20 JavaThread "Timer-3" [_thread_blocked, id=12684, stack(0x0000000979700000,0x0000000979800000)]
  0x000001488ccaeff0 JavaThread "Map Status Collector" daemon [_thread_blocked, id=940, stack(0x0000000979800000,0x0000000979900000)]
  0x000001488ccae650 JavaThread "Swing-Shell" daemon [_thread_blocked, id=12636, stack(0x0000000979a00000,0x0000000979b00000)]
  0x000001488cca9950 JavaThread "TMS-downloader-0" [_thread_blocked, id=3220, stack(0x0000000977300000,0x0000000977400000)]
  0x000001488cca9e20 JavaThread "TMS-downloader-1" [_thread_blocked, id=10028, stack(0x0000000979100000,0x0000000979200000)]
  0x000001488ccaa2f0 JavaThread "TMS-downloader-2" [_thread_blocked, id=10360, stack(0x0000000979300000,0x0000000979400000)]
  0x000001488ccaac90 JavaThread "TMS-downloader-3" [_thread_blocked, id=11272, stack(0x000000097a100000,0x000000097a200000)]
  0x000001488ccab160 JavaThread "TMS-downloader-4" [_thread_blocked, id=11560, stack(0x000000097a200000,0x000000097a300000)]
  0x000001488ccab630 JavaThread "TMS-downloader-5" [_thread_blocked, id=2140, stack(0x000000097a300000,0x000000097a400000)]
  0x000001488ccac970 JavaThread "TMS-downloader-6" [_thread_blocked, id=13096, stack(0x000000097a400000,0x000000097a500000)]
  0x000001488ccace40 JavaThread "TMS-downloader-7" [_thread_blocked, id=10124, stack(0x000000097a500000,0x000000097a600000)]
  0x000001488ccad310 JavaThread "TMS-downloader-8" [_thread_blocked, id=9608, stack(0x000000097a600000,0x000000097a700000)]
  0x000001488ccad7e0 JavaThread "TMS-downloader-9" [_thread_blocked, id=11324, stack(0x000000097a700000,0x000000097a800000)]
  0x000001488ccadcb0 JavaThread "TMS-downloader-10" [_thread_blocked, id=12332, stack(0x000000097a800000,0x000000097a900000)]
  0x0000014889e3c840 JavaThread "TMS-downloader-11" [_thread_blocked, id=10664, stack(0x000000097a900000,0x000000097aa00000)]
  0x0000014889e3a690 JavaThread "TMS-downloader-12" [_thread_blocked, id=10656, stack(0x000000097aa00000,0x000000097ab00000)]
  0x000001488b9301d0 JavaThread "TMS-downloader-13" [_thread_blocked, id=2144, stack(0x000000097ab00000,0x000000097ac00000)]
  0x000001488b9353a0 JavaThread "TMS-downloader-14" [_thread_blocked, id=11480, stack(0x000000097ac00000,0x000000097ad00000)]
  0x000001488b934530 JavaThread "TMS-downloader-15" [_thread_blocked, id=6724, stack(0x000000097ad00000,0x000000097ae00000)]
  0x000001488b9336c0 JavaThread "TMS-downloader-16" [_thread_blocked, id=10336, stack(0x000000097ae00000,0x000000097af00000)]
  0x000001488b934ed0 JavaThread "TMS-downloader-17" [_thread_blocked, id=13060, stack(0x000000097af00000,0x000000097b000000)]
  0x000001488b9306a0 JavaThread "TMS-downloader-18" [_thread_blocked, id=9060, stack(0x000000097b000000,0x000000097b100000)]
  0x000001488b936210 JavaThread "TMS-downloader-19" [_thread_blocked, id=10936, stack(0x000000097b100000,0x000000097b200000)]
  0x000001488b935870 JavaThread "TMS-downloader-20" [_thread_blocked, id=2936, stack(0x000000097b200000,0x000000097b300000)]
  0x000001488b935d40 JavaThread "TMS-downloader-21" [_thread_blocked, id=4920, stack(0x000000097b300000,0x000000097b400000)]
  0x000001488b936bb0 JavaThread "TMS-downloader-22" [_thread_blocked, id=8024, stack(0x000000097b400000,0x000000097b500000)]
  0x000001488b9366e0 JavaThread "TMS-downloader-23" [_thread_blocked, id=12004, stack(0x000000097b500000,0x000000097b600000)]
  0x000001488b937550 JavaThread "TMS-downloader-24" [_thread_blocked, id=11864, stack(0x000000097b600000,0x000000097b700000)]
  0x000001488638e310 JavaThread "styled-map-renderer-4" daemon [_thread_blocked, id=12568, stack(0x0000000975f00000,0x0000000976000000)]
  0x000001488638a950 JavaThread "ForkJoinPool.commonPool-worker-5" daemon [_thread_blocked, id=7756, stack(0x0000000978500000,0x0000000978600000)]
  0x000001488638b2f0 JavaThread "styled-map-renderer-5" daemon [_thread_blocked, id=2692, stack(0x0000000978700000,0x0000000978800000)]

Other Threads:
  0x00000148fe748f10 VMThread "VM Thread" [stack: 0x0000000976800000,0x0000000976900000] [id=11240]
  0x0000014885fff710 WatcherThread [stack: 0x0000000977800000,0x0000000977900000] [id=5796]
  0x00000148e6ed5950 GCTaskThread "GC Thread#0" [stack: 0x0000000976300000,0x0000000976400000] [id=5244]
  0x00000148ff7c33d0 GCTaskThread "GC Thread#1" [stack: 0x0000000977900000,0x0000000977a00000] [id=10352]
  0x00000148ff74fff0 GCTaskThread "GC Thread#2" [stack: 0x0000000977a00000,0x0000000977b00000] [id=10736]
  0x000001488607bad0 GCTaskThread "GC Thread#3" [stack: 0x0000000977b00000,0x0000000977c00000] [id=12524]
  0x00000148e6ee6b80 ConcurrentGCThread "G1 Main Marker" [stack: 0x0000000976400000,0x0000000976500000] [id=11436]
  0x00000148e6ee84b0 ConcurrentGCThread "G1 Conc#0" [stack: 0x0000000976500000,0x0000000976600000] [id=900]
  0x00000148e6f5ebf0 ConcurrentGCThread "G1 Refine#0" [stack: 0x0000000976600000,0x0000000976700000] [id=1200]
  0x00000148ff7502a0 ConcurrentGCThread "G1 Refine#1" [stack: 0x0000000977c00000,0x0000000977d00000] [id=12952]
  0x000001488622f630 ConcurrentGCThread "G1 Refine#2" [stack: 0x0000000977d00000,0x0000000977e00000] [id=8784]
  0x00000148e6f5f520 ConcurrentGCThread "G1 Service" [stack: 0x0000000976700000,0x0000000976800000] [id=2356]

Threads with active compile tasks:

VM state: not at safepoint (normal execution)

VM Mutex/Monitor currently owned by a thread: None

Heap address: 0x0000000081e00000, size: 2018 MB, Compressed Oops mode: 32-bit

CDS archive(s) mapped at: [0x0000000800000000-0x0000000800bc0000-0x0000000800bc0000), size 12320768, SharedBaseAddress: 0x0000000800000000, ArchiveRelocationMode: 0.
Compressed class space mapped at: 0x0000000800c00000-0x0000000840c00000, reserved size: 1073741824
Narrow klass base: 0x0000000800000000, Narrow klass shift: 0, Narrow klass range: 0x100000000

GC Precious Log:
 CPUs: 4 total, 4 available
 Memory: 8067M
 Large Page Support: Disabled
 NUMA Support: Disabled
 Compressed Oops: Enabled (32-bit)
 Heap Region Size: 1M
 Heap Min Capacity: 8M
 Heap Initial Capacity: 128M
 Heap Max Capacity: 2018M
 Pre-touch: Disabled
 Parallel Workers: 4
 Concurrent Workers: 1
 Concurrent Refinement Workers: 4
 Periodic GC: Disabled

Heap:
 garbage-first heap   total 235520K, used 171952K [0x0000000081e00000, 0x0000000100000000)
  region size 1024K, 55 young (56320K), 1 survivors (1024K)
 Metaspace       used 63731K, committed 64576K, reserved 1105920K
  class space    used 7673K, committed 8000K, reserved 1048576K

Heap Regions: E=young(eden), S=young(survivor), O=old, HS=humongous(starts), HC=humongous(continues), CS=collection set, F=free, OA=open archive, CA=closed archive, TAMS=top-at-mark-start (previous, next)
|   0|0x0000000081e00000, 0x0000000081f00000, 0x0000000081f00000|100%|HS|  |TAMS 0x0000000081f00000, 0x0000000081e00000| Complete 
|   1|0x0000000081f00000, 0x0000000082000000, 0x0000000082000000|100%|HC|  |TAMS 0x0000000082000000, 0x0000000081f00000| Complete 
|   2|0x0000000082000000, 0x0000000082100000, 0x0000000082100000|100%|HS|  |TAMS 0x0000000082100000, 0x0000000082000000| Complete 
|   3|0x0000000082100000, 0x0000000082200000, 0x0000000082200000|100%|HS|  |TAMS 0x0000000082200000, 0x0000000082100000| Complete 
|   4|0x0000000082200000, 0x0000000082300000, 0x0000000082300000|100%| O|  |TAMS 0x0000000082200000, 0x0000000082200000| Untracked 
|   5|0x0000000082300000, 0x0000000082400000, 0x0000000082400000|100%| O|  |TAMS 0x0000000082400000, 0x0000000082300000| Untracked 
|   6|0x0000000082400000, 0x0000000082500000, 0x0000000082500000|100%| O|  |TAMS 0x0000000082500000, 0x0000000082400000| Untracked 
|   7|0x0000000082500000, 0x0000000082600000, 0x0000000082600000|100%| O|  |TAMS 0x0000000082600000, 0x0000000082500000| Untracked 
|   8|0x0000000082600000, 0x0000000082600000, 0x0000000082700000|  0%| F|  |TAMS 0x0000000082600000, 0x0000000082600000| Untracked 
|   9|0x0000000082700000, 0x0000000082800000, 0x0000000082800000|100%| O|  |TAMS 0x0000000082800000, 0x0000000082700000| Untracked 
|  10|0x0000000082800000, 0x0000000082900000, 0x0000000082900000|100%| O|  |TAMS 0x0000000082900000, 0x0000000082800000| Untracked 
|  11|0x0000000082900000, 0x0000000082a00000, 0x0000000082a00000|100%| O|  |TAMS 0x0000000082a00000, 0x0000000082900000| Untracked 
|  12|0x0000000082a00000, 0x0000000082b00000, 0x0000000082b00000|100%| O|  |TAMS 0x0000000082b00000, 0x0000000082a00000| Untracked 
|  13|0x0000000082b00000, 0x0000000082c00000, 0x0000000082c00000|100%| O|  |TAMS 0x0000000082c00000, 0x0000000082b00000| Untracked 
|  14|0x0000000082c00000, 0x0000000082d00000, 0x0000000082d00000|100%| O|  |TAMS 0x0000000082d00000, 0x0000000082c00000| Untracked 
|  15|0x0000000082d00000, 0x0000000082e00000, 0x0000000082e00000|100%| O|  |TAMS 0x0000000082e00000, 0x0000000082d00000| Untracked 
|  16|0x0000000082e00000, 0x0000000082f00000, 0x0000000082f00000|100%| O|  |TAMS 0x0000000082f00000, 0x0000000082e00000| Untracked 
|  17|0x0000000082f00000, 0x0000000083000000, 0x0000000083000000|100%| O|  |TAMS 0x0000000083000000, 0x0000000082f00000| Untracked 
|  18|0x0000000083000000, 0x0000000083000000, 0x0000000083100000|  0%| F|  |TAMS 0x0000000083000000, 0x0000000083000000| Untracked 
|  19|0x0000000083100000, 0x0000000083200000, 0x0000000083200000|100%| O|  |TAMS 0x0000000083200000, 0x0000000083100000| Untracked 
|  20|0x0000000083200000, 0x0000000083300000, 0x0000000083300000|100%| O|  |TAMS 0x0000000083300000, 0x0000000083200000| Untracked 
|  21|0x0000000083300000, 0x0000000083400000, 0x0000000083400000|100%| O|  |TAMS 0x0000000083400000, 0x0000000083300000| Untracked 
|  22|0x0000000083400000, 0x0000000083500000, 0x0000000083500000|100%| O|  |TAMS 0x0000000083500000, 0x0000000083400000| Untracked 
|  23|0x0000000083500000, 0x0000000083600000, 0x0000000083600000|100%| O|  |TAMS 0x0000000083600000, 0x0000000083500000| Untracked 
|  24|0x0000000083600000, 0x0000000083700000, 0x0000000083700000|100%| O|  |TAMS 0x0000000083700000, 0x0000000083600000| Untracked 
|  25|0x0000000083700000, 0x0000000083800000, 0x0000000083800000|100%| O|  |TAMS 0x0000000083800000, 0x0000000083700000| Untracked 
|  26|0x0000000083800000, 0x0000000083900000, 0x0000000083900000|100%| O|  |TAMS 0x0000000083900000, 0x0000000083800000| Untracked 
|  27|0x0000000083900000, 0x0000000083a00000, 0x0000000083a00000|100%| O|  |TAMS 0x0000000083a00000, 0x0000000083900000| Untracked 
|  28|0x0000000083a00000, 0x0000000083b00000, 0x0000000083b00000|100%| O|  |TAMS 0x0000000083a91c00, 0x0000000083a00000| Untracked 
|  29|0x0000000083b00000, 0x0000000083c00000, 0x0000000083c00000|100%| O|  |TAMS 0x0000000083c00000, 0x0000000083b00000| Untracked 
|  30|0x0000000083c00000, 0x0000000083d00000, 0x0000000083d00000|100%| O|  |TAMS 0x0000000083d00000, 0x0000000083c00000| Untracked 
|  31|0x0000000083d00000, 0x0000000083e00000, 0x0000000083e00000|100%| O|  |TAMS 0x0000000083e00000, 0x0000000083d00000| Untracked 
|  32|0x0000000083e00000, 0x0000000083f00000, 0x0000000083f00000|100%|HS|  |TAMS 0x0000000083f00000, 0x0000000083e00000| Complete 
|  33|0x0000000083f00000, 0x0000000084000000, 0x0000000084000000|100%|HC|  |TAMS 0x0000000084000000, 0x0000000083f00000| Complete 
|  34|0x0000000084000000, 0x0000000084100000, 0x0000000084100000|100%|HC|  |TAMS 0x0000000084100000, 0x0000000084000000| Complete 
|  35|0x0000000084100000, 0x0000000084200000, 0x0000000084200000|100%|HC|  |TAMS 0x0000000084200000, 0x0000000084100000| Complete 
|  36|0x0000000084200000, 0x0000000084300000, 0x0000000084300000|100%| O|  |TAMS 0x0000000084300000, 0x0000000084200000| Untracked 
|  37|0x0000000084300000, 0x0000000084400000, 0x0000000084400000|100%| O|  |TAMS 0x0000000084400000, 0x0000000084300000| Untracked 
|  38|0x0000000084400000, 0x0000000084500000, 0x0000000084500000|100%| O|  |TAMS 0x0000000084500000, 0x0000000084400000| Untracked 
|  39|0x0000000084500000, 0x0000000084600000, 0x0000000084600000|100%| O|  |TAMS 0x0000000084600000, 0x0000000084500000| Untracked 
|  40|0x0000000084600000, 0x000000008464fa00, 0x0000000084700000| 31%| O|  |TAMS 0x0000000084600000, 0x0000000084600000| Untracked 
|  41|0x0000000084700000, 0x0000000084700000, 0x0000000084800000|  0%| F|  |TAMS 0x0000000084700000, 0x0000000084700000| Untracked 
|  42|0x0000000084800000, 0x0000000084900000, 0x0000000084900000|100%| O|  |TAMS 0x0000000084900000, 0x0000000084800000| Untracked 
|  43|0x0000000084900000, 0x0000000084a00000, 0x0000000084a00000|100%| O|  |TAMS 0x0000000084a00000, 0x0000000084900000| Untracked 
|  44|0x0000000084a00000, 0x0000000084b00000, 0x0000000084b00000|100%| O|  |TAMS 0x0000000084b00000, 0x0000000084a00000| Untracked 
|  45|0x0000000084b00000, 0x0000000084c00000, 0x0000000084c00000|100%| O|  |TAMS 0x0000000084c00000, 0x0000000084b00000| Untracked 
|  46|0x0000000084c00000, 0x0000000084d00000, 0x0000000084d00000|100%| O|  |TAMS 0x0000000084d00000, 0x0000000084c00000| Untracked 
|  47|0x0000000084d00000, 0x0000000084e00000, 0x0000000084e00000|100%| O|  |TAMS 0x0000000084e00000, 0x0000000084d00000| Untracked 
|  48|0x0000000084e00000, 0x0000000084f00000, 0x0000000084f00000|100%| O|  |TAMS 0x0000000084f00000, 0x0000000084e00000| Untracked 
|  49|0x0000000084f00000, 0x0000000085000000, 0x0000000085000000|100%| O|  |TAMS 0x0000000085000000, 0x0000000084f00000| Untracked 
|  50|0x0000000085000000, 0x0000000085100000, 0x0000000085100000|100%| O|  |TAMS 0x0000000085100000, 0x0000000085000000| Untracked 
|  51|0x0000000085100000, 0x0000000085200000, 0x0000000085200000|100%| O|  |TAMS 0x0000000085200000, 0x0000000085100000| Untracked 
|  52|0x0000000085200000, 0x0000000085300000, 0x0000000085300000|100%| O|  |TAMS 0x0000000085300000, 0x0000000085200000| Untracked 
|  53|0x0000000085300000, 0x0000000085400000, 0x0000000085400000|100%| O|  |TAMS 0x0000000085400000, 0x0000000085300000| Untracked 
|  54|0x0000000085400000, 0x0000000085500000, 0x0000000085500000|100%| O|  |TAMS 0x0000000085500000, 0x0000000085400000| Untracked 
|  55|0x0000000085500000, 0x0000000085600000, 0x0000000085600000|100%| O|  |TAMS 0x0000000085600000, 0x0000000085500000| Untracked 
|  56|0x0000000085600000, 0x0000000085700000, 0x0000000085700000|100%| O|  |TAMS 0x0000000085700000, 0x0000000085600000| Untracked 
|  57|0x0000000085700000, 0x0000000085800000, 0x0000000085800000|100%| O|  |TAMS 0x0000000085800000, 0x0000000085700000| Untracked 
|  58|0x0000000085800000, 0x0000000085900000, 0x0000000085900000|100%| O|  |TAMS 0x0000000085900000, 0x0000000085800000| Untracked 
|  59|0x0000000085900000, 0x0000000085a00000, 0x0000000085a00000|100%| O|  |TAMS 0x0000000085a00000, 0x0000000085900000| Untracked 
|  60|0x0000000085a00000, 0x0000000085b00000, 0x0000000085b00000|100%| O|  |TAMS 0x0000000085b00000, 0x0000000085a00000| Untracked 
|  61|0x0000000085b00000, 0x0000000085c00000, 0x0000000085c00000|100%| O|  |TAMS 0x0000000085c00000, 0x0000000085b00000| Untracked 
|  62|0x0000000085c00000, 0x0000000085d00000, 0x0000000085d00000|100%| O|  |TAMS 0x0000000085d00000, 0x0000000085c00000| Untracked 
|  63|0x0000000085d00000, 0x0000000085e00000, 0x0000000085e00000|100%| O|  |TAMS 0x0000000085e00000, 0x0000000085d00000| Untracked 
|  64|0x0000000085e00000, 0x0000000085f00000, 0x0000000085f00000|100%|HS|  |TAMS 0x0000000085f00000, 0x0000000085e00000| Complete 
|  65|0x0000000085f00000, 0x0000000086000000, 0x0000000086000000|100%|HC|  |TAMS 0x0000000086000000, 0x0000000085f00000| Complete 
|  66|0x0000000086000000, 0x0000000086100000, 0x0000000086100000|100%| O|  |TAMS 0x0000000086100000, 0x0000000086000000| Untracked 
|  67|0x0000000086100000, 0x0000000086200000, 0x0000000086200000|100%| O|  |TAMS 0x0000000086200000, 0x0000000086100000| Untracked 
|  68|0x0000000086200000, 0x0000000086300000, 0x0000000086300000|100%| O|  |TAMS 0x0000000086300000, 0x0000000086200000| Untracked 
|  69|0x0000000086300000, 0x0000000086400000, 0x0000000086400000|100%| O|  |TAMS 0x0000000086400000, 0x0000000086300000| Untracked 
|  70|0x0000000086400000, 0x0000000086500000, 0x0000000086500000|100%| O|  |TAMS 0x0000000086500000, 0x0000000086400000| Untracked 
|  71|0x0000000086500000, 0x0000000086600000, 0x0000000086600000|100%| O|  |TAMS 0x0000000086600000, 0x0000000086500000| Untracked 
|  72|0x0000000086600000, 0x0000000086700000, 0x0000000086700000|100%| O|  |TAMS 0x0000000086700000, 0x0000000086600000| Untracked 
|  73|0x0000000086700000, 0x0000000086800000, 0x0000000086800000|100%| O|  |TAMS 0x0000000086800000, 0x0000000086700000| Untracked 
|  74|0x0000000086800000, 0x0000000086900000, 0x0000000086900000|100%| O|  |TAMS 0x0000000086900000, 0x0000000086800000| Untracked 
|  75|0x0000000086900000, 0x0000000086a00000, 0x0000000086a00000|100%|HS|  |TAMS 0x0000000086a00000, 0x0000000086900000| Complete 
|  76|0x0000000086a00000, 0x0000000086b00000, 0x0000000086b00000|100%|HC|  |TAMS 0x0000000086b00000, 0x0000000086a00000| Complete 
|  77|0x0000000086b00000, 0x0000000086c00000, 0x0000000086c00000|100%|HC|  |TAMS 0x0000000086c00000, 0x0000000086b00000| Complete 
|  78|0x0000000086c00000, 0x0000000086d00000, 0x0000000086d00000|100%|HC|  |TAMS 0x0000000086d00000, 0x0000000086c00000| Complete 
|  79|0x0000000086d00000, 0x0000000086e00000, 0x0000000086e00000|100%|HC|  |TAMS 0x0000000086e00000, 0x0000000086d00000| Complete 
|  80|0x0000000086e00000, 0x0000000086f00000, 0x0000000086f00000|100%|HC|  |TAMS 0x0000000086f00000, 0x0000000086e00000| Complete 
|  81|0x0000000086f00000, 0x0000000087000000, 0x0000000087000000|100%|HC|  |TAMS 0x0000000087000000, 0x0000000086f00000| Complete 
|  82|0x0000000087000000, 0x0000000087100000, 0x0000000087100000|100%|HC|  |TAMS 0x0000000087100000, 0x0000000087000000| Complete 
|  83|0x0000000087100000, 0x0000000087200000, 0x0000000087200000|100%| O|  |TAMS 0x0000000087200000, 0x0000000087100000| Untracked 
|  84|0x0000000087200000, 0x0000000087300000, 0x0000000087300000|100%| O|  |TAMS 0x0000000087300000, 0x0000000087200000| Untracked 
|  85|0x0000000087300000, 0x0000000087400000, 0x0000000087400000|100%| O|  |TAMS 0x0000000087400000, 0x0000000087300000| Untracked 
|  86|0x0000000087400000, 0x0000000087500000, 0x0000000087500000|100%| O|  |TAMS 0x0000000087500000, 0x0000000087400000| Untracked 
|  87|0x0000000087500000, 0x0000000087600000, 0x0000000087600000|100%| O|  |TAMS 0x0000000087600000, 0x0000000087500000| Untracked 
|  88|0x0000000087600000, 0x0000000087700000, 0x0000000087700000|100%| O|  |TAMS 0x0000000087700000, 0x0000000087600000| Untracked 
|  89|0x0000000087700000, 0x0000000087800000, 0x0000000087800000|100%| O|  |TAMS 0x0000000087800000, 0x0000000087700000| Untracked 
|  90|0x0000000087800000, 0x0000000087900000, 0x0000000087900000|100%| O|  |TAMS 0x0000000087900000, 0x0000000087800000| Untracked 
|  91|0x0000000087900000, 0x0000000087a00000, 0x0000000087a00000|100%| O|  |TAMS 0x0000000087a00000, 0x0000000087900000| Untracked 
|  92|0x0000000087a00000, 0x0000000087b00000, 0x0000000087b00000|100%| O|  |TAMS 0x0000000087b00000, 0x0000000087a00000| Untracked 
|  93|0x0000000087b00000, 0x0000000087c00000, 0x0000000087c00000|100%|HS|  |TAMS 0x0000000087c00000, 0x0000000087b00000| Complete 
|  94|0x0000000087c00000, 0x0000000087d00000, 0x0000000087d00000|100%|HC|  |TAMS 0x0000000087d00000, 0x0000000087c00000| Complete 
|  95|0x0000000087d00000, 0x0000000087e00000, 0x0000000087e00000|100%|HC|  |TAMS 0x0000000087e00000, 0x0000000087d00000| Complete 
|  96|0x0000000087e00000, 0x0000000087f00000, 0x0000000087f00000|100%|HC|  |TAMS 0x0000000087f00000, 0x0000000087e00000| Complete 
|  97|0x0000000087f00000, 0x0000000088000000, 0x0000000088000000|100%|HC|  |TAMS 0x0000000088000000, 0x0000000087f00000| Complete 
|  98|0x0000000088000000, 0x0000000088100000, 0x0000000088100000|100%|HS|  |TAMS 0x0000000088100000, 0x0000000088000000| Complete 
|  99|0x0000000088100000, 0x0000000088200000, 0x0000000088200000|100%|HC|  |TAMS 0x0000000088200000, 0x0000000088100000| Complete 
| 100|0x0000000088200000, 0x0000000088300000, 0x0000000088300000|100%|HC|  |TAMS 0x0000000088300000, 0x0000000088200000| Complete 
| 101|0x0000000088300000, 0x0000000088400000, 0x0000000088400000|100%|HC|  |TAMS 0x0000000088400000, 0x0000000088300000| Complete 
| 102|0x0000000088400000, 0x0000000088500000, 0x0000000088500000|100%|HC|  |TAMS 0x0000000088500000, 0x0000000088400000| Complete 
| 103|0x0000000088500000, 0x0000000088600000, 0x0000000088600000|100%| O|  |TAMS 0x0000000088600000, 0x0000000088500000| Untracked 
| 104|0x0000000088600000, 0x0000000088700000, 0x0000000088700000|100%| O|  |TAMS 0x0000000088700000, 0x0000000088600000| Untracked 
| 105|0x0000000088700000, 0x0000000088800000, 0x0000000088800000|100%| O|  |TAMS 0x0000000088800000, 0x0000000088700000| Untracked 
| 106|0x0000000088800000, 0x0000000088900000, 0x0000000088900000|100%| O|  |TAMS 0x0000000088900000, 0x0000000088800000| Untracked 
| 107|0x0000000088900000, 0x0000000088900000, 0x0000000088a00000|  0%| F|  |TAMS 0x0000000088900000, 0x0000000088900000| Untracked 
| 108|0x0000000088a00000, 0x0000000088b00000, 0x0000000088b00000|100%| O|  |TAMS 0x0000000088b00000, 0x0000000088a00000| Untracked 
| 109|0x0000000088b00000, 0x0000000088c00000, 0x0000000088c00000|100%| O|  |TAMS 0x0000000088c00000, 0x0000000088b00000| Untracked 
| 110|0x0000000088c00000, 0x0000000088d00000, 0x0000000088d00000|100%| O|  |TAMS 0x0000000088d00000, 0x0000000088c00000| Untracked 
| 111|0x0000000088d00000, 0x0000000088e00000, 0x0000000088e00000|100%| O|  |TAMS 0x0000000088e00000, 0x0000000088d00000| Untracked 
| 112|0x0000000088e00000, 0x0000000088f00000, 0x0000000088f00000|100%| O|  |TAMS 0x0000000088f00000, 0x0000000088e00000| Untracked 
| 113|0x0000000088f00000, 0x0000000089000000, 0x0000000089000000|100%| O|  |TAMS 0x0000000089000000, 0x0000000088f00000| Untracked 
| 114|0x0000000089000000, 0x0000000089000000, 0x0000000089100000|  0%| F|  |TAMS 0x0000000089000000, 0x0000000089000000| Untracked 
| 115|0x0000000089100000, 0x0000000089200000, 0x0000000089200000|100%| O|  |TAMS 0x0000000089200000, 0x0000000089100000| Untracked 
| 116|0x0000000089200000, 0x0000000089300000, 0x0000000089300000|100%| O|  |TAMS 0x0000000089300000, 0x0000000089200000| Untracked 
| 117|0x0000000089300000, 0x0000000089400000, 0x0000000089400000|100%| O|  |TAMS 0x0000000089400000, 0x0000000089300000| Untracked 
| 118|0x0000000089400000, 0x0000000089400000, 0x0000000089500000|  0%| F|  |TAMS 0x0000000089400000, 0x0000000089400000| Untracked 
| 119|0x0000000089500000, 0x0000000089500000, 0x0000000089600000|  0%| F|  |TAMS 0x0000000089500000, 0x0000000089500000| Untracked 
| 120|0x0000000089600000, 0x0000000089600000, 0x0000000089700000|  0%| F|  |TAMS 0x0000000089600000, 0x0000000089600000| Untracked 
| 121|0x0000000089700000, 0x0000000089700000, 0x0000000089800000|  0%| F|  |TAMS 0x0000000089700000, 0x0000000089700000| Untracked 
| 122|0x0000000089800000, 0x0000000089800000, 0x0000000089900000|  0%| F|  |TAMS 0x0000000089800000, 0x0000000089800000| Untracked 
| 123|0x0000000089900000, 0x0000000089900000, 0x0000000089a00000|  0%| F|  |TAMS 0x0000000089900000, 0x0000000089900000| Untracked 
| 124|0x0000000089a00000, 0x0000000089a00000, 0x0000000089b00000|  0%| F|  |TAMS 0x0000000089a00000, 0x0000000089a00000| Untracked 
| 125|0x0000000089b00000, 0x0000000089b00000, 0x0000000089c00000|  0%| F|  |TAMS 0x0000000089b00000, 0x0000000089b00000| Untracked 
| 126|0x0000000089c00000, 0x0000000089d00000, 0x0000000089d00000|100%| O|  |TAMS 0x0000000089d00000, 0x0000000089c00000| Untracked 
| 127|0x0000000089d00000, 0x0000000089e00000, 0x0000000089e00000|100%| O|  |TAMS 0x0000000089e00000, 0x0000000089d00000| Untracked 
| 128|0x0000000089e00000, 0x0000000089e00000, 0x0000000089f00000|  0%| F|  |TAMS 0x0000000089e00000, 0x0000000089e00000| Untracked 
| 129|0x0000000089f00000, 0x0000000089f00000, 0x000000008a000000|  0%| F|  |TAMS 0x0000000089f00000, 0x0000000089f00000| Untracked 
| 130|0x000000008a000000, 0x000000008a000000, 0x000000008a100000|  0%| F|  |TAMS 0x000000008a000000, 0x000000008a000000| Untracked 
| 131|0x000000008a100000, 0x000000008a100000, 0x000000008a200000|  0%| F|  |TAMS 0x000000008a100000, 0x000000008a100000| Untracked 
| 132|0x000000008a200000, 0x000000008a200000, 0x000000008a300000|  0%| F|  |TAMS 0x000000008a200000, 0x000000008a200000| Untracked 
| 133|0x000000008a300000, 0x000000008a300000, 0x000000008a400000|  0%| F|  |TAMS 0x000000008a300000, 0x000000008a300000| Untracked 
| 134|0x000000008a400000, 0x000000008a400000, 0x000000008a500000|  0%| F|  |TAMS 0x000000008a400000, 0x000000008a400000| Untracked 
| 135|0x000000008a500000, 0x000000008a500000, 0x000000008a600000|  0%| F|  |TAMS 0x000000008a500000, 0x000000008a500000| Untracked 
| 136|0x000000008a600000, 0x000000008a600000, 0x000000008a700000|  0%| F|  |TAMS 0x000000008a600000, 0x000000008a600000| Untracked 
| 137|0x000000008a700000, 0x000000008a700000, 0x000000008a800000|  0%| F|  |TAMS 0x000000008a700000, 0x000000008a700000| Untracked 
| 138|0x000000008a800000, 0x000000008a800000, 0x000000008a900000|  0%| F|  |TAMS 0x000000008a800000, 0x000000008a800000| Untracked 
| 139|0x000000008a900000, 0x000000008a900000, 0x000000008aa00000|  0%| F|  |TAMS 0x000000008a900000, 0x000000008a900000| Untracked 
| 140|0x000000008aa00000, 0x000000008aa00000, 0x000000008ab00000|  0%| F|  |TAMS 0x000000008aa00000, 0x000000008aa00000| Untracked 
| 141|0x000000008ab00000, 0x000000008ab00000, 0x000000008ac00000|  0%| F|  |TAMS 0x000000008ab00000, 0x000000008ab00000| Untracked 
| 142|0x000000008ac00000, 0x000000008ac00000, 0x000000008ad00000|  0%| F|  |TAMS 0x000000008ac00000, 0x000000008ac00000| Untracked 
| 143|0x000000008ad00000, 0x000000008ad00000, 0x000000008ae00000|  0%| F|  |TAMS 0x000000008ad00000, 0x000000008ad00000| Untracked 
| 144|0x000000008ae00000, 0x000000008ae00000, 0x000000008af00000|  0%| F|  |TAMS 0x000000008ae00000, 0x000000008ae00000| Untracked 
| 145|0x000000008af00000, 0x000000008af00000, 0x000000008b000000|  0%| F|  |TAMS 0x000000008af00000, 0x000000008af00000| Untracked 
| 146|0x000000008b000000, 0x000000008b000000, 0x000000008b100000|  0%| F|  |TAMS 0x000000008b000000, 0x000000008b000000| Untracked 
| 147|0x000000008b100000, 0x000000008b100000, 0x000000008b200000|  0%| F|  |TAMS 0x000000008b100000, 0x000000008b100000| Untracked 
| 148|0x000000008b200000, 0x000000008b200000, 0x000000008b300000|  0%| F|  |TAMS 0x000000008b200000, 0x000000008b200000| Untracked 
| 149|0x000000008b300000, 0x000000008b300000, 0x000000008b400000|  0%| F|  |TAMS 0x000000008b300000, 0x000000008b300000| Untracked 
| 150|0x000000008b400000, 0x000000008b400000, 0x000000008b500000|  0%| F|  |TAMS 0x000000008b400000, 0x000000008b400000| Untracked 
| 151|0x000000008b500000, 0x000000008b500000, 0x000000008b600000|  0%| F|  |TAMS 0x000000008b500000, 0x000000008b500000| Untracked 
| 152|0x000000008b600000, 0x000000008b600000, 0x000000008b700000|  0%| F|  |TAMS 0x000000008b600000, 0x000000008b600000| Untracked 
| 153|0x000000008b700000, 0x000000008b700000, 0x000000008b800000|  0%| F|  |TAMS 0x000000008b700000, 0x000000008b700000| Untracked 
| 154|0x000000008b800000, 0x000000008b800000, 0x000000008b900000|  0%| F|  |TAMS 0x000000008b800000, 0x000000008b800000| Untracked 
| 155|0x000000008b900000, 0x000000008b900000, 0x000000008ba00000|  0%| F|  |TAMS 0x000000008b900000, 0x000000008b900000| Untracked 
| 156|0x000000008ba00000, 0x000000008ba00000, 0x000000008bb00000|  0%| F|  |TAMS 0x000000008ba00000, 0x000000008ba00000| Untracked 
| 157|0x000000008bb00000, 0x000000008bb00000, 0x000000008bc00000|  0%| F|  |TAMS 0x000000008bb00000, 0x000000008bb00000| Untracked 
| 158|0x000000008bc00000, 0x000000008bc00000, 0x000000008bd00000|  0%| F|  |TAMS 0x000000008bc00000, 0x000000008bc00000| Untracked 
| 159|0x000000008bd00000, 0x000000008bd00000, 0x000000008be00000|  0%| F|  |TAMS 0x000000008bd00000, 0x000000008bd00000| Untracked 
| 160|0x000000008be00000, 0x000000008be00000, 0x000000008bf00000|  0%| F|  |TAMS 0x000000008be00000, 0x000000008be00000| Untracked 
| 161|0x000000008bf00000, 0x000000008bf00000, 0x000000008c000000|  0%| F|  |TAMS 0x000000008bf00000, 0x000000008bf00000| Untracked 
| 162|0x000000008c000000, 0x000000008c000000, 0x000000008c100000|  0%| F|  |TAMS 0x000000008c000000, 0x000000008c000000| Untracked 
| 163|0x000000008c100000, 0x000000008c100000, 0x000000008c200000|  0%| F|  |TAMS 0x000000008c100000, 0x000000008c100000| Untracked 
| 164|0x000000008c200000, 0x000000008c200000, 0x000000008c300000|  0%| F|  |TAMS 0x000000008c200000, 0x000000008c200000| Untracked 
| 165|0x000000008c300000, 0x000000008c300000, 0x000000008c400000|  0%| F|  |TAMS 0x000000008c300000, 0x000000008c300000| Untracked 
| 166|0x000000008c400000, 0x000000008c400000, 0x000000008c500000|  0%| F|  |TAMS 0x000000008c400000, 0x000000008c400000| Untracked 
| 167|0x000000008c500000, 0x000000008c500000, 0x000000008c600000|  0%| F|  |TAMS 0x000000008c500000, 0x000000008c500000| Untracked 
| 168|0x000000008c600000, 0x000000008c600000, 0x000000008c700000|  0%| F|  |TAMS 0x000000008c600000, 0x000000008c600000| Untracked 
| 169|0x000000008c700000, 0x000000008c700000, 0x000000008c800000|  0%| F|  |TAMS 0x000000008c700000, 0x000000008c700000| Untracked 
| 170|0x000000008c800000, 0x000000008c800000, 0x000000008c900000|  0%| F|  |TAMS 0x000000008c800000, 0x000000008c800000| Untracked 
| 171|0x000000008c900000, 0x000000008c900000, 0x000000008ca00000|  0%| F|  |TAMS 0x000000008c900000, 0x000000008c900000| Untracked 
| 172|0x000000008ca00000, 0x000000008ca00000, 0x000000008cb00000|  0%| F|  |TAMS 0x000000008ca00000, 0x000000008ca00000| Untracked 
| 173|0x000000008cb00000, 0x000000008cb00000, 0x000000008cc00000|  0%| F|  |TAMS 0x000000008cb00000, 0x000000008cb00000| Untracked 
| 174|0x000000008cc00000, 0x000000008cc00000, 0x000000008cd00000|  0%| F|  |TAMS 0x000000008cc00000, 0x000000008cc00000| Untracked 
| 175|0x000000008cd00000, 0x000000008cdc7470, 0x000000008ce00000| 77%| E|  |TAMS 0x000000008cd00000, 0x000000008cd00000| Complete 
| 176|0x000000008ce00000, 0x000000008cf00000, 0x000000008cf00000|100%| E|CS|TAMS 0x000000008ce00000, 0x000000008ce00000| Complete 
| 177|0x000000008cf00000, 0x000000008d000000, 0x000000008d000000|100%| E|CS|TAMS 0x000000008cf00000, 0x000000008cf00000| Complete 
| 178|0x000000008d000000, 0x000000008d100000, 0x000000008d100000|100%| E|CS|TAMS 0x000000008d000000, 0x000000008d000000| Complete 
| 179|0x000000008d100000, 0x000000008d200000, 0x000000008d200000|100%| E|CS|TAMS 0x000000008d100000, 0x000000008d100000| Complete 
| 180|0x000000008d200000, 0x000000008d300000, 0x000000008d300000|100%| E|CS|TAMS 0x000000008d200000, 0x000000008d200000| Complete 
| 181|0x000000008d300000, 0x000000008d400000, 0x000000008d400000|100%| E|CS|TAMS 0x000000008d300000, 0x000000008d300000| Complete 
| 182|0x000000008d400000, 0x000000008d500000, 0x000000008d500000|100%| E|CS|TAMS 0x000000008d400000, 0x000000008d400000| Complete 
| 183|0x000000008d500000, 0x000000008d600000, 0x000000008d600000|100%| E|CS|TAMS 0x000000008d500000, 0x000000008d500000| Complete 
| 184|0x000000008d600000, 0x000000008d700000, 0x000000008d700000|100%| E|CS|TAMS 0x000000008d600000, 0x000000008d600000| Complete 
| 185|0x000000008d700000, 0x000000008d800000, 0x000000008d800000|100%| E|CS|TAMS 0x000000008d700000, 0x000000008d700000| Complete 
| 186|0x000000008d800000, 0x000000008d900000, 0x000000008d900000|100%| E|CS|TAMS 0x000000008d800000, 0x000000008d800000| Complete 
| 187|0x000000008d900000, 0x000000008da00000, 0x000000008da00000|100%| E|CS|TAMS 0x000000008d900000, 0x000000008d900000| Complete 
| 188|0x000000008da00000, 0x000000008db00000, 0x000000008db00000|100%| E|CS|TAMS 0x000000008da00000, 0x000000008da00000| Complete 
| 189|0x000000008db00000, 0x000000008dc00000, 0x000000008dc00000|100%| E|CS|TAMS 0x000000008db00000, 0x000000008db00000| Complete 
| 190|0x000000008dc00000, 0x000000008dd00000, 0x000000008dd00000|100%| E|CS|TAMS 0x000000008dc00000, 0x000000008dc00000| Complete 
| 191|0x000000008dd00000, 0x000000008de00000, 0x000000008de00000|100%| E|CS|TAMS 0x000000008dd00000, 0x000000008dd00000| Complete 
| 192|0x000000008de00000, 0x000000008df00000, 0x000000008df00000|100%| E|CS|TAMS 0x000000008de00000, 0x000000008de00000| Complete 
| 193|0x000000008df00000, 0x000000008e000000, 0x000000008e000000|100%| E|CS|TAMS 0x000000008df00000, 0x000000008df00000| Complete 
| 194|0x000000008e000000, 0x000000008e100000, 0x000000008e100000|100%| E|CS|TAMS 0x000000008e000000, 0x000000008e000000| Complete 
| 195|0x000000008e100000, 0x000000008e200000, 0x000000008e200000|100%| E|CS|TAMS 0x000000008e100000, 0x000000008e100000| Complete 
| 196|0x000000008e200000, 0x000000008e300000, 0x000000008e300000|100%| E|CS|TAMS 0x000000008e200000, 0x000000008e200000| Complete 
| 197|0x000000008e300000, 0x000000008e400000, 0x000000008e400000|100%| E|CS|TAMS 0x000000008e300000, 0x000000008e300000| Complete 
| 198|0x000000008e400000, 0x000000008e500000, 0x000000008e500000|100%| E|CS|TAMS 0x000000008e400000, 0x000000008e400000| Complete 
| 199|0x000000008e500000, 0x000000008e600000, 0x000000008e600000|100%| E|CS|TAMS 0x000000008e500000, 0x000000008e500000| Complete 
| 200|0x000000008e600000, 0x000000008e700000, 0x000000008e700000|100%| E|CS|TAMS 0x000000008e600000, 0x000000008e600000| Complete 
| 201|0x000000008e700000, 0x000000008e800000, 0x000000008e800000|100%| E|CS|TAMS 0x000000008e700000, 0x000000008e700000| Complete 
| 202|0x000000008e800000, 0x000000008e900000, 0x000000008e900000|100%| E|CS|TAMS 0x000000008e800000, 0x000000008e800000| Complete 
| 203|0x000000008e900000, 0x000000008ea00000, 0x000000008ea00000|100%| E|CS|TAMS 0x000000008e900000, 0x000000008e900000| Complete 
| 204|0x000000008ea00000, 0x000000008eb00000, 0x000000008eb00000|100%| E|CS|TAMS 0x000000008ea00000, 0x000000008ea00000| Complete 
| 205|0x000000008eb00000, 0x000000008ec00000, 0x000000008ec00000|100%| E|CS|TAMS 0x000000008eb00000, 0x000000008eb00000| Complete 
| 206|0x000000008ec00000, 0x000000008ed00000, 0x000000008ed00000|100%| E|CS|TAMS 0x000000008ec00000, 0x000000008ec00000| Complete 
| 207|0x000000008ed00000, 0x000000008ee00000, 0x000000008ee00000|100%| E|CS|TAMS 0x000000008ed00000, 0x000000008ed00000| Complete 
| 208|0x000000008ee00000, 0x000000008ef00000, 0x000000008ef00000|100%| E|CS|TAMS 0x000000008ee00000, 0x000000008ee00000| Complete 
| 209|0x000000008ef00000, 0x000000008f000000, 0x000000008f000000|100%| E|CS|TAMS 0x000000008ef00000, 0x000000008ef00000| Complete 
| 210|0x000000008f000000, 0x000000008f100000, 0x000000008f100000|100%| E|CS|TAMS 0x000000008f000000, 0x000000008f000000| Complete 
| 211|0x000000008f100000, 0x000000008f200000, 0x000000008f200000|100%| E|CS|TAMS 0x000000008f100000, 0x000000008f100000| Complete 
| 212|0x000000008f200000, 0x000000008f300000, 0x000000008f300000|100%| E|CS|TAMS 0x000000008f200000, 0x000000008f200000| Complete 
| 213|0x000000008f300000, 0x000000008f400000, 0x000000008f400000|100%| E|CS|TAMS 0x000000008f300000, 0x000000008f300000| Complete 
| 214|0x000000008f400000, 0x000000008f500000, 0x000000008f500000|100%| E|CS|TAMS 0x000000008f400000, 0x000000008f400000| Complete 
| 215|0x000000008f500000, 0x000000008f600000, 0x000000008f600000|100%| E|CS|TAMS 0x000000008f500000, 0x000000008f500000| Complete 
| 216|0x000000008f600000, 0x000000008f700000, 0x000000008f700000|100%| E|CS|TAMS 0x000000008f600000, 0x000000008f600000| Complete 
| 217|0x000000008f700000, 0x000000008f800000, 0x000000008f800000|100%| E|CS|TAMS 0x000000008f700000, 0x000000008f700000| Complete 
| 218|0x000000008f800000, 0x000000008f900000, 0x000000008f900000|100%| E|CS|TAMS 0x000000008f800000, 0x000000008f800000| Complete 
| 219|0x000000008f900000, 0x000000008fa00000, 0x000000008fa00000|100%| E|CS|TAMS 0x000000008f900000, 0x000000008f900000| Complete 
| 220|0x000000008fa00000, 0x000000008fa9c800, 0x000000008fb00000| 61%| S|CS|TAMS 0x000000008fa00000, 0x000000008fa00000| Complete 
| 221|0x000000008fb00000, 0x000000008fc00000, 0x000000008fc00000|100%| E|CS|TAMS 0x000000008fb00000, 0x000000008fb00000| Complete 
| 222|0x000000008fc00000, 0x000000008fd00000, 0x000000008fd00000|100%| E|CS|TAMS 0x000000008fc00000, 0x000000008fc00000| Complete 
| 223|0x000000008fd00000, 0x000000008fe00000, 0x000000008fe00000|100%| E|CS|TAMS 0x000000008fd00000, 0x000000008fd00000| Complete 
| 224|0x000000008fe00000, 0x000000008ff00000, 0x000000008ff00000|100%| E|CS|TAMS 0x000000008fe00000, 0x000000008fe00000| Complete 
| 225|0x000000008ff00000, 0x0000000090000000, 0x0000000090000000|100%| E|CS|TAMS 0x000000008ff00000, 0x000000008ff00000| Complete 
| 226|0x0000000090000000, 0x0000000090100000, 0x0000000090100000|100%| E|CS|TAMS 0x0000000090000000, 0x0000000090000000| Complete 
| 227|0x0000000090100000, 0x0000000090200000, 0x0000000090200000|100%| E|CS|TAMS 0x0000000090100000, 0x0000000090100000| Complete 
| 228|0x0000000090200000, 0x0000000090300000, 0x0000000090300000|100%| E|CS|TAMS 0x0000000090200000, 0x0000000090200000| Complete 
| 229|0x0000000090300000, 0x0000000090400000, 0x0000000090400000|100%| E|CS|TAMS 0x0000000090300000, 0x0000000090300000| Complete 

Card table byte_map: [0x00000148fdae0000,0x00000148fdee0000] _byte_map_base: 0x00000148fd6d1000

Marking Bits (Prev, Next): (CMBitMap*) 0x00000148e6ed5eb0, (CMBitMap*) 0x00000148e6ed5e70
 Prev Bits: [0x0000014881f90000, 0x0000014883f18000)
 Next Bits: [0x0000014880000000, 0x0000014881f88000)

Polling page: 0x00000148e4d10000

Metaspace:

Usage:
  Non-class:     54.74 MB used.
      Class:      7.49 MB used.
       Both:     62.24 MB used.

Virtual space:
  Non-class space:       56.00 MB reserved,      55.25 MB ( 99%) committed,  7 nodes.
      Class space:        1.00 GB reserved,       7.81 MB ( <1%) committed,  1 nodes.
             Both:        1.05 GB reserved,      63.06 MB (  6%) committed. 

Chunk freelists:
   Non-Class:  857.00 KB
       Class:  313.00 KB
        Both:  1.14 MB

MaxMetaspaceSize: unlimited
CompressedClassSpaceSize: 1.00 GB
Initial GC threshold: 21.00 MB
Current GC threshold: 104.94 MB
CDS: on
MetaspaceReclaimPolicy: balanced
 - commit_granule_bytes: 65536.
 - commit_granule_words: 8192.
 - virtual_space_node_default_size: 1048576.
 - enlarge_chunks_in_place: 1.
 - new_chunks_are_fully_committed: 0.
 - uncommit_free_chunks: 1.
 - use_allocation_guard: 0.
 - handle_deallocations: 1.


Internal statistics:

num_allocs_failed_limit: 6.
num_arena_births: 706.
num_arena_deaths: 236.
num_vsnodes_births: 8.
num_vsnodes_deaths: 0.
num_space_committed: 1009.
num_space_uncommitted: 0.
num_chunks_returned_to_freelist: 341.
num_chunks_taken_from_freelist: 2200.
num_chunk_merges: 118.
num_chunk_splits: 1333.
num_chunks_enlarged: 812.
num_purges: 2.
num_inconsistent_stats: 0.

CodeHeap 'non-profiled nmethods': size=120000Kb used=10390Kb max_used=10390Kb free=109609Kb
 bounds [0x00000148f61b0000, 0x00000148f6be0000, 0x00000148fd6e0000]
CodeHeap 'profiled nmethods': size=120000Kb used=25023Kb max_used=26788Kb free=94976Kb
 bounds [0x00000148eec80000, 0x00000148f06b0000, 0x00000148f61b0000]
CodeHeap 'non-nmethods': size=5760Kb used=1655Kb max_used=1719Kb free=4104Kb
 bounds [0x00000148ee6e0000, 0x00000148ee950000, 0x00000148eec80000]
 total_blobs=13326 nmethods=12344 adapters=891
 compilation: enabled
              stopped_count=0, restarted_count=0
 full_count=0

Compilation events (20 events):
Event: 4224.109 Thread 0x00000148fe76f6d0 17061       3       com.sun.org.apache.xerces.internal.dom.NodeImpl::getOwnerDocument (23 bytes)
Event: 4224.109 Thread 0x00000148fe76f6d0 nmethod 17061 0x00000148eefd5290 code [0x00000148eefd5460, 0x00000148eefd5868]
Event: 4224.109 Thread 0x00000148fe76f6d0 17062       3       com.sun.org.apache.xpath.internal.patterns.NodeTest::subPartMatchNS (45 bytes)
Event: 4224.109 Thread 0x00000148fe76f6d0 nmethod 17062 0x00000148ef358090 code [0x00000148ef358260, 0x00000148ef358628]
Event: 4224.109 Thread 0x00000148fe76f6d0 17064       3       com.sun.org.apache.xerces.internal.dom.DeferredDocumentImpl::getNodeName (7 bytes)
Event: 4224.110 Thread 0x00000148fe76f6d0 nmethod 17064 0x00000148efd95190 code [0x00000148efd95340, 0x00000148efd954a8]
Event: 4224.110 Thread 0x00000148fe76f6d0 17065       3       com.sun.org.apache.xerces.internal.dom.DeferredDocumentImpl::getNodeName (49 bytes)
Event: 4224.110 Thread 0x00000148fe76f6d0 nmethod 17065 0x00000148ef336810 code [0x00000148ef336a00, 0x00000148ef336e88]
Event: 4224.110 Thread 0x00000148fe76f6d0 17066       3       com.sun.org.apache.xerces.internal.dom.DeferredDocumentImpl::getNodeURI (7 bytes)
Event: 4224.110 Thread 0x00000148fe76f6d0 nmethod 17066 0x00000148efe86f90 code [0x00000148efe87140, 0x00000148efe872a8]
Event: 4224.110 Thread 0x00000148fe76f6d0 17067       3       com.sun.org.apache.xerces.internal.dom.DeferredDocumentImpl::getNodeURI (49 bytes)
Event: 4224.111 Thread 0x00000148fe76f6d0 nmethod 17067 0x00000148ef6fba10 code [0x00000148ef6fbc00, 0x00000148ef6fc088]
Event: 4224.111 Thread 0x00000148fe76e630 17070       4       com.sun.org.apache.xml.internal.utils.ObjectVector::elementAt (7 bytes)
Event: 4224.111 Thread 0x00000148fe76f6d0 17063       3       com.sun.org.apache.xml.internal.dtm.ref.dom2dtm.DOM2DTM::getLocalName (101 bytes)
Event: 4224.111 Thread 0x00000148fe76e630 nmethod 17070 0x00000148f6bd4f90 code [0x00000148f6bd5100, 0x00000148f6bd51b8]
Event: 4224.112 Thread 0x00000148fe76f6d0 nmethod 17063 0x00000148f0445290 code [0x00000148f0445580, 0x00000148f0446508]
Event: 4224.112 Thread 0x00000148fe76f6d0 17068       1       com.sun.org.apache.xpath.internal.XPathContext::getVarStack (5 bytes)
Event: 4224.112 Thread 0x00000148fe76f6d0 nmethod 17068 0x00000148f6bd5290 code [0x00000148f6bd5420, 0x00000148f6bd54f8]
Event: 4224.112 Thread 0x00000148fe76f6d0 17069       1       com.sun.org.apache.xpath.internal.VariableStack::getStackFrame (5 bytes)
Event: 4224.112 Thread 0x00000148fe76f6d0 nmethod 17069 0x00000148f6bd5590 code [0x00000148f6bd5720, 0x00000148f6bd57f8]

GC Heap History (20 events):
Event: 48.282 GC heap before
{Heap before GC invocations=34 (full 0):
 garbage-first heap   total 217088K, used 129796K [0x0000000081e00000, 0x0000000100000000)
  region size 1024K, 10 young (10240K), 5 survivors (5120K)
 Metaspace       used 56349K, committed 56960K, reserved 1105920K
  class space    used 7114K, committed 7424K, reserved 1048576K
}
Event: 48.293 GC heap after
{Heap after GC invocations=35 (full 0):
 garbage-first heap   total 217088K, used 120601K [0x0000000081e00000, 0x0000000100000000)
  region size 1024K, 1 young (1024K), 1 survivors (1024K)
 Metaspace       used 56349K, committed 56960K, reserved 1105920K
  class space    used 7114K, committed 7424K, reserved 1048576K
}
Event: 56.796 GC heap before
{Heap before GC invocations=35 (full 0):
 garbage-first heap   total 217088K, used 150297K [0x0000000081e00000, 0x0000000100000000)
  region size 1024K, 32 young (32768K), 1 survivors (1024K)
 Metaspace       used 57570K, committed 58112K, reserved 1105920K
  class space    used 7218K, committed 7488K, reserved 1048576K
}
Event: 56.800 GC heap after
{Heap after GC invocations=36 (full 0):
 garbage-first heap   total 217088K, used 123481K [0x0000000081e00000, 0x0000000100000000)
  region size 1024K, 4 young (4096K), 4 survivors (4096K)
 Metaspace       used 57570K, committed 58112K, reserved 1105920K
  class space    used 7218K, committed 7488K, reserved 1048576K
}
Event: 57.969 GC heap before
{Heap before GC invocations=37 (full 0):
 garbage-first heap   total 235520K, used 173657K [0x0000000081e00000, 0x0000000100000000)
  region size 1024K, 51 young (52224K), 4 survivors (4096K)
 Metaspace       used 62466K, committed 63040K, reserved 1105920K
  class space    used 7638K, committed 7872K, reserved 1048576K
}
Event: 57.976 GC heap after
{Heap after GC invocations=38 (full 0):
 garbage-first heap   total 235520K, used 124154K [0x0000000081e00000, 0x0000000100000000)
  region size 1024K, 5 young (5120K), 5 survivors (5120K)
 Metaspace       used 62466K, committed 63040K, reserved 1105920K
  class space    used 7638K, committed 7872K, reserved 1048576K
}
Event: 58.124 GC heap before
{Heap before GC invocations=38 (full 0):
 garbage-first heap   total 235520K, used 130298K [0x0000000081e00000, 0x0000000100000000)
  region size 1024K, 11 young (11264K), 5 survivors (5120K)
 Metaspace       used 62610K, committed 63168K, reserved 1105920K
  class space    used 7650K, committed 7872K, reserved 1048576K
}
Event: 58.130 GC heap after
{Heap after GC invocations=39 (full 0):
 garbage-first heap   total 235520K, used 121492K [0x0000000081e00000, 0x0000000100000000)
  region size 1024K, 1 young (1024K), 1 survivors (1024K)
 Metaspace       used 62610K, committed 63168K, reserved 1105920K
  class space    used 7650K, committed 7872K, reserved 1048576K
}
Event: 66.415 GC heap before
{Heap before GC invocations=39 (full 0):
 garbage-first heap   total 235520K, used 189076K [0x0000000081e00000, 0x0000000100000000)
  region size 1024K, 67 young (68608K), 1 survivors (1024K)
 Metaspace       used 63175K, committed 63808K, reserved 1105920K
  class space    used 7709K, committed 8000K, reserved 1048576K
}
Event: 66.419 GC heap after
{Heap after GC invocations=40 (full 0):
 garbage-first heap   total 235520K, used 121966K [0x0000000081e00000, 0x0000000100000000)
  region size 1024K, 1 young (1024K), 1 survivors (1024K)
 Metaspace       used 63175K, committed 63808K, reserved 1105920K
  class space    used 7709K, committed 8000K, reserved 1048576K
}
Event: 105.758 GC heap before
{Heap before GC invocations=41 (full 0):
 garbage-first heap   total 235520K, used 192622K [0x0000000081e00000, 0x0000000100000000)
  region size 1024K, 70 young (71680K), 1 survivors (1024K)
 Metaspace       used 63570K, committed 64192K, reserved 1105920K
  class space    used 7725K, committed 8000K, reserved 1048576K
}
Event: 105.762 GC heap after
{Heap after GC invocations=42 (full 0):
 garbage-first heap   total 235520K, used 122329K [0x0000000081e00000, 0x0000000100000000)
  region size 1024K, 2 young (2048K), 2 survivors (2048K)
 Metaspace       used 63570K, committed 64192K, reserved 1105920K
  class space    used 7725K, committed 8000K, reserved 1048576K
}
Event: 106.178 GC heap before
{Heap before GC invocations=42 (full 0):
 garbage-first heap   total 235520K, used 131545K [0x0000000081e00000, 0x0000000100000000)
  region size 1024K, 11 young (11264K), 2 survivors (2048K)
 Metaspace       used 63578K, committed 64192K, reserved 1105920K
  class space    used 7725K, committed 8000K, reserved 1048576K
}
Event: 106.183 GC heap after
{Heap after GC invocations=43 (full 0):
 garbage-first heap   total 235520K, used 120224K [0x0000000081e00000, 0x0000000100000000)
  region size 1024K, 1 young (1024K), 1 survivors (1024K)
 Metaspace       used 63578K, committed 64192K, reserved 1105920K
  class space    used 7725K, committed 8000K, reserved 1048576K
}
Event: 4068.822 GC heap before
{Heap before GC invocations=43 (full 0):
 garbage-first heap   total 235520K, used 194976K [0x0000000081e00000, 0x0000000100000000)
  region size 1024K, 75 young (76800K), 1 survivors (1024K)
 Metaspace       used 63890K, committed 64448K, reserved 1105920K
  class space    used 7733K, committed 8000K, reserved 1048576K
}
Event: 4068.825 GC heap after
{Heap after GC invocations=44 (full 0):
 garbage-first heap   total 235520K, used 120886K [0x0000000081e00000, 0x0000000100000000)
  region size 1024K, 2 young (2048K), 2 survivors (2048K)
 Metaspace       used 63890K, committed 64448K, reserved 1105920K
  class space    used 7733K, committed 8000K, reserved 1048576K
}
Event: 4090.809 GC heap before
{Heap before GC invocations=45 (full 0):
 garbage-first heap   total 235520K, used 197686K [0x0000000081e00000, 0x0000000100000000)
  region size 1024K, 77 young (78848K), 2 survivors (2048K)
 Metaspace       used 63654K, committed 64512K, reserved 1105920K
  class space    used 7672K, committed 8000K, reserved 1048576K
}
Event: 4090.813 GC heap after
{Heap after GC invocations=46 (full 0):
 garbage-first heap   total 235520K, used 120500K [0x0000000081e00000, 0x0000000100000000)
  region size 1024K, 2 young (2048K), 2 survivors (2048K)
 Metaspace       used 63654K, committed 64512K, reserved 1105920K
  class space    used 7672K, committed 8000K, reserved 1048576K
}
Event: 4091.128 GC heap before
{Heap before GC invocations=46 (full 0):
 garbage-first heap   total 235520K, used 128692K [0x0000000081e00000, 0x0000000100000000)
  region size 1024K, 11 young (11264K), 2 survivors (2048K)
 Metaspace       used 63654K, committed 64512K, reserved 1105920K
  class space    used 7672K, committed 8000K, reserved 1048576K
}
Event: 4091.132 GC heap after
{Heap after GC invocations=47 (full 0):
 garbage-first heap   total 235520K, used 117680K [0x0000000081e00000, 0x0000000100000000)
  region size 1024K, 1 young (1024K), 1 survivors (1024K)
 Metaspace       used 63654K, committed 64512K, reserved 1105920K
  class space    used 7672K, committed 8000K, reserved 1048576K
}

Deoptimization events (20 events):
Event: 4108.115 Thread 0x0000014886d803a0 DEOPT PACKING pc=0x00000148f02ee1e9 sp=0x00000009783fe470
Event: 4108.115 Thread 0x0000014886d803a0 DEOPT UNPACKING pc=0x00000148ee732b43 sp=0x00000009783fd928 mode 1
Event: 4108.115 Thread 0x0000014886d803a0 DEOPT PACKING pc=0x00000148ef5e5984 sp=0x00000009783fe4d0
Event: 4108.115 Thread 0x0000014886d803a0 DEOPT UNPACKING pc=0x00000148ee732b43 sp=0x00000009783fd988 mode 1
Event: 4108.115 Thread 0x0000014886d803a0 DEOPT PACKING pc=0x00000148f02ee1e9 sp=0x00000009783fe440
Event: 4108.115 Thread 0x0000014886d803a0 DEOPT UNPACKING pc=0x00000148ee732b43 sp=0x00000009783fd8f8 mode 1
Event: 4108.115 Thread 0x0000014886d803a0 DEOPT PACKING pc=0x00000148ef5e5984 sp=0x00000009783fe4a0
Event: 4108.115 Thread 0x0000014886d803a0 DEOPT UNPACKING pc=0x00000148ee732b43 sp=0x00000009783fd958 mode 1
Event: 4108.115 Thread 0x0000014886d803a0 DEOPT PACKING pc=0x00000148f02ee1e9 sp=0x00000009783fe510
Event: 4108.115 Thread 0x0000014886d803a0 DEOPT UNPACKING pc=0x00000148ee732b43 sp=0x00000009783fd9c8 mode 1
Event: 4108.115 Thread 0x0000014886d803a0 DEOPT PACKING pc=0x00000148ef5e5984 sp=0x00000009783fe570
Event: 4108.115 Thread 0x0000014886d803a0 DEOPT UNPACKING pc=0x00000148ee732b43 sp=0x00000009783fda28 mode 1
Event: 4108.517 Thread 0x0000014886d803a0 DEOPT PACKING pc=0x00000148f066edd6 sp=0x00000009783fe320
Event: 4108.517 Thread 0x0000014886d803a0 DEOPT UNPACKING pc=0x00000148ee732b43 sp=0x00000009783fd7e0 mode 0
Event: 4224.105 Thread 0x0000014886d7eb90 DEOPT PACKING pc=0x00000148ef117ffa sp=0x00000009794fed50
Event: 4224.106 Thread 0x0000014886d7eb90 DEOPT UNPACKING pc=0x00000148ee732b43 sp=0x00000009794fe1e0 mode 1
Event: 4224.106 Thread 0x0000014886d7eb90 DEOPT PACKING pc=0x00000148f61f9bd4 sp=0x00000009794fedb0
Event: 4224.106 Thread 0x0000014886d7eb90 DEOPT UNPACKING pc=0x00000148ee732b43 sp=0x00000009794fe240 mode 1
Event: 4224.106 Thread 0x0000014886d7eb90 DEOPT PACKING pc=0x00000148ef6044c4 sp=0x00000009794fedf0
Event: 4224.106 Thread 0x0000014886d7eb90 DEOPT UNPACKING pc=0x00000148ee732b43 sp=0x00000009794fe338 mode 1

Classes unloaded (20 events):
Event: 4068.965 Thread 0x00000148fe748f10 Unloading class 0x0000000800d41c00 'java/lang/invoke/LambdaForm$MH+0x0000000800d41c00'
Event: 4068.965 Thread 0x00000148fe748f10 Unloading class 0x0000000800d41800 'java/lang/invoke/LambdaForm$MH+0x0000000800d41800'
Event: 4068.965 Thread 0x00000148fe748f10 Unloading class 0x0000000800d41400 'java/lang/invoke/LambdaForm$MH+0x0000000800d41400'
Event: 4068.965 Thread 0x00000148fe748f10 Unloading class 0x0000000800d41000 'java/lang/invoke/LambdaForm$MH+0x0000000800d41000'
Event: 4068.965 Thread 0x00000148fe748f10 Unloading class 0x0000000800d40800 'java/lang/invoke/LambdaForm$MH+0x0000000800d40800'
Event: 4068.965 Thread 0x00000148fe748f10 Unloading class 0x0000000800d40000 'jdk/internal/reflect/GeneratedConstructorAccessor4'
Event: 4068.965 Thread 0x00000148fe748f10 Unloading class 0x0000000800c91c00 'java/lang/invoke/LambdaForm$MH+0x0000000800c91c00'
Event: 4068.965 Thread 0x00000148fe748f10 Unloading class 0x0000000800c91800 'java/lang/invoke/LambdaForm$MH+0x0000000800c91800'
Event: 4068.965 Thread 0x00000148fe748f10 Unloading class 0x0000000800c91400 'java/lang/invoke/LambdaForm$MH+0x0000000800c91400'
Event: 4068.965 Thread 0x00000148fe748f10 Unloading class 0x0000000800c91000 'java/lang/invoke/LambdaForm$MH+0x0000000800c91000'
Event: 4068.965 Thread 0x00000148fe748f10 Unloading class 0x0000000800c90800 'java/lang/invoke/LambdaForm$MH+0x0000000800c90800'
Event: 4068.965 Thread 0x00000148fe748f10 Unloading class 0x0000000800c90400 'java/lang/invoke/LambdaForm$MH+0x0000000800c90400'
Event: 4068.965 Thread 0x00000148fe748f10 Unloading class 0x0000000800c90000 'java/lang/invoke/LambdaForm$MH+0x0000000800c90000'
Event: 4068.965 Thread 0x00000148fe748f10 Unloading class 0x0000000800c89c00 'java/lang/invoke/LambdaForm$MH+0x0000000800c89c00'
Event: 4068.965 Thread 0x00000148fe748f10 Unloading class 0x0000000800c89400 'java/lang/invoke/LambdaForm$MH+0x0000000800c89400'
Event: 4068.965 Thread 0x00000148fe748f10 Unloading class 0x0000000800c88c00 'java/lang/invoke/LambdaForm$MH+0x0000000800c88c00'
Event: 4068.965 Thread 0x00000148fe748f10 Unloading class 0x0000000800c88800 'java/lang/invoke/LambdaForm$MH+0x0000000800c88800'
Event: 4068.965 Thread 0x00000148fe748f10 Unloading class 0x0000000800c88400 'java/lang/invoke/LambdaForm$MH+0x0000000800c88400'
Event: 4068.965 Thread 0x00000148fe748f10 Unloading class 0x0000000800c88000 'java/lang/invoke/LambdaForm$MH+0x0000000800c88000'
Event: 4068.965 Thread 0x00000148fe748f10 Unloading class 0x0000000800c85800 'java/lang/invoke/LambdaForm$MH+0x0000000800c85800'

Classes redefined (3 events):
Event: 169.808 Thread 0x00000148fe748f10 redefined class name=org.openstreetmap.josm.plugins.ods.bag.osm.build.BagStandplaatsPrimitiveBuilder, count=1
Event: 187.385 Thread 0x00000148fe748f10 redefined class name=org.openstreetmap.josm.plugins.ods.bag.osm.build.BagStandplaatsPrimitiveBuilder, count=2
Event: 192.166 Thread 0x00000148fe748f10 redefined class name=org.openstreetmap.josm.plugins.ods.bag.osm.build.BagStandplaatsPrimitiveBuilder, count=3

Internal exceptions (20 events):
Event: 57.614 Thread 0x000001488638c630 Exception <a 'java/lang/NoSuchMethodError'{0x000000008e3a4940}: 'java.lang.Object java.lang.invoke.DirectMethodHandle$Holder.newInvokeSpecial(java.lang.Object, java.lang.Object, int, int)'> (0x000000008e3a4940) 
thrown [t:\workspace\open\src\hotspot\share\interpreter\linkResolver.cpp, line 766]
Event: 57.636 Thread 0x000001488cca8ae0 Implicit null exception at 0x00000148f6565aee to 0x00000148f6565ba0
Event: 57.636 Thread 0x000001488ccaf4c0 Implicit null exception at 0x00000148f6565aee to 0x00000148f6565ba0
Event: 57.790 Thread 0x0000014886d803a0 Exception <a 'java/lang/NoSuchMethodError'{0x000000008dd7c1f0}: 'java.lang.Object java.lang.invoke.DirectMethodHandle$Holder.invokeSpecial(java.lang.Object, java.lang.Object, double, java.lang.Object)'> (0x000000008dd7c1f0) 
thrown [t:\workspace\open\src\hotspot\share\interpreter\linkResolver.cpp, line 766]
Event: 57.790 Thread 0x0000014886d803a0 Exception <a 'java/lang/NoSuchMethodError'{0x000000008dd7ff60}: 'java.lang.Object java.lang.invoke.Invokers$Holder.linkToTargetMethod(double, java.lang.Object, java.lang.Object)'> (0x000000008dd7ff60) 
thrown [t:\workspace\open\src\hotspot\share\interpreter\linkResolver.cpp, line 766]
Event: 57.794 Thread 0x0000014886d803a0 Exception <a 'java/lang/NoSuchMethodError'{0x000000008dde3588}: 'java.lang.Object java.lang.invoke.DirectMethodHandle$Holder.newInvokeSpecial(java.lang.Object, double)'> (0x000000008dde3588) 
thrown [t:\workspace\open\src\hotspot\share\interpreter\linkResolver.cpp, line 766]
Event: 57.807 Thread 0x0000014886d803a0 Exception <a 'java/lang/NoSuchMethodError'{0x000000008dc671d8}: 'double java.lang.invoke.DirectMethodHandle$Holder.invokeVirtual(java.lang.Object, java.lang.Object)'> (0x000000008dc671d8) 
thrown [t:\workspace\open\src\hotspot\share\interpreter\linkResolver.cpp, line 766]
Event: 61.952 Thread 0x0000014886d803a0 Exception <a 'java/lang/NoSuchMethodError'{0x000000008f553dd8}: 'java.lang.Object java.lang.invoke.DirectMethodHandle$Holder.newInvokeSpecial(java.lang.Object, java.lang.Object, int, java.lang.Object)'> (0x000000008f553dd8) 
thrown [t:\workspace\open\src\hotspot\share\interpreter\linkResolver.cpp, line 766]
Event: 61.953 Thread 0x0000014886d803a0 Exception <a 'java/lang/NoSuchMethodError'{0x000000008f558188}: 'java.lang.Object java.lang.invoke.DirectMethodHandle$Holder.invokeSpecial(java.lang.Object, java.lang.Object, java.lang.Object, int, java.lang.Object)'> (0x000000008f558188) 
thrown [t:\workspace\open\src\hotspot\share\interpreter\linkResolver.cpp, line 766]
Event: 63.347 Thread 0x0000014886d803a0 Implicit null exception at 0x00000148f697ae54 to 0x00000148f697c7e8
Event: 63.693 Thread 0x0000014886d803a0 Exception <a 'java/lang/NoSuchMethodError'{0x000000008ceb7a50}: 'int java.lang.invoke.DirectMethodHandle$Holder.invokeSpecial(java.lang.Object, java.lang.Object, java.lang.Object, int)'> (0x000000008ceb7a50) 
thrown [t:\workspace\open\src\hotspot\share\interpreter\linkResolver.cpp, line 766]
Event: 64.952 Thread 0x0000014886d803a0 Exception <a 'java/lang/NoSuchMethodError'{0x000000008c5c5b10}: 'int java.lang.invoke.DirectMethodHandle$Holder.invokeStatic(java.lang.Object, java.lang.Object, java.lang.Object, int)'> (0x000000008c5c5b10) 
thrown [t:\workspace\open\src\hotspot\share\interpreter\linkResolver.cpp, line 766]
Event: 65.439 Thread 0x0000014886d803a0 Implicit null exception at 0x00000148f69e9c70 to 0x00000148f69ea434
Event: 68.795 Thread 0x0000014886d803a0 Exception <a 'java/lang/NoSuchMethodError'{0x000000009012edf8}: 'java.lang.Object java.lang.invoke.DirectMethodHandle$Holder.invokeStatic(java.lang.Object, int, int, java.lang.Object)'> (0x000000009012edf8) 
thrown [t:\workspace\open\src\hotspot\share\interpreter\linkResolver.cpp, line 766]
Event: 103.016 Thread 0x0000014886d803a0 Implicit null exception at 0x00000148f6a56e30 to 0x00000148f6a586ac
Event: 324.788 Thread 0x000001488cca8610 Exception <a 'sun/nio/fs/WindowsException'{0x000000008ee4ced0}> (0x000000008ee4ced0) 
thrown [t:\workspace\open\src\hotspot\share\prims\jni.cpp, line 516]
Event: 324.891 Thread 0x000001488cca8610 Exception <a 'sun/nio/fs/WindowsException'{0x000000008eb5cd80}> (0x000000008eb5cd80) 
thrown [t:\workspace\open\src\hotspot\share\prims\jni.cpp, line 516]
Event: 4069.815 Thread 0x0000014886d803a0 Implicit null exception at 0x00000148f6452db0 to 0x00000148f645356c
Event: 4069.838 Thread 0x0000014886d803a0 Implicit null exception at 0x00000148f65dc331 to 0x00000148f65de640
Event: 4072.578 Thread 0x0000014886d803a0 Implicit null exception at 0x00000148f6b782cf to 0x00000148f6b78b84

VM Operations (20 events):
Event: 4090.809 Executing VM operation: G1CollectForAllocation
Event: 4090.813 Executing VM operation: G1CollectForAllocation done
Event: 4091.128 Executing VM operation: G1CollectForAllocation
Event: 4091.132 Executing VM operation: G1CollectForAllocation done
Event: 4092.133 Executing VM operation: Cleanup
Event: 4092.133 Executing VM operation: Cleanup done
Event: 4106.259 Executing VM operation: Cleanup
Event: 4106.259 Executing VM operation: Cleanup done
Event: 4107.264 Executing VM operation: Cleanup
Event: 4107.264 Executing VM operation: Cleanup done
Event: 4108.269 Executing VM operation: Cleanup
Event: 4108.270 Executing VM operation: Cleanup done
Event: 4109.279 Executing VM operation: Cleanup
Event: 4109.279 Executing VM operation: Cleanup done
Event: 4131.457 Executing VM operation: Cleanup
Event: 4131.457 Executing VM operation: Cleanup done
Event: 4135.494 Executing VM operation: Cleanup
Event: 4135.495 Executing VM operation: Cleanup done
Event: 4224.156 Executing VM operation: Cleanup
Event: 4224.156 Executing VM operation: Cleanup done

Events (20 events):
Event: 4085.305 Thread 0x00000148fe784b60 flushing nmethod 0x00000148f053e210
Event: 4085.305 Thread 0x00000148fe784b60 flushing nmethod 0x00000148f053f190
Event: 4085.305 Thread 0x00000148fe784b60 flushing nmethod 0x00000148f053fa10
Event: 4085.305 Thread 0x00000148fe784b60 flushing nmethod 0x00000148f0579710
Event: 4085.305 Thread 0x00000148fe784b60 flushing nmethod 0x00000148f057e590
Event: 4085.305 Thread 0x00000148fe784b60 flushing nmethod 0x00000148f057f610
Event: 4085.305 Thread 0x00000148fe784b60 flushing nmethod 0x00000148f0580d10
Event: 4085.305 Thread 0x00000148fe784b60 flushing nmethod 0x00000148f0581190
Event: 4085.305 Thread 0x00000148fe784b60 flushing nmethod 0x00000148f0623b90
Event: 4085.305 Thread 0x00000148fe784b60 flushing nmethod 0x00000148f066f710
Event: 4106.251 Thread 0x0000014886daba40 Thread added: 0x0000014886daba40
Event: 4106.443 Thread 0x0000014886daba40 Thread exited: 0x0000014886daba40
Event: 4168.130 Thread 0x0000014886389ae0 Thread exited: 0x0000014886389ae0
Event: 4193.678 Thread 0x000001488638c160 Thread exited: 0x000001488638c160
Event: 4223.995 Thread 0x000001488638c160 Thread added: 0x000001488638c160
Event: 4223.996 Thread 0x000001488638c160 Thread exited: 0x000001488638c160
Event: 4224.105 Thread 0x000001488638c160 Thread added: 0x000001488638c160
Event: 4228.133 Thread 0x000001488638e7e0 Thread exited: 0x000001488638e7e0
Event: 4229.111 Thread 0x000001488638c160 Thread exited: 0x000001488638c160
Event: 4253.687 Thread 0x000001488638bc90 Thread exited: 0x000001488638bc90


Dynamic libraries:
0x00007ff7a0ee0000 - 0x00007ff7a0eee000 	C:\Program Files\AdoptOpenJDK\jdk-17.0.2\bin\javaw.exe
0x00007ff878610000 - 0x00007ff878805000 	C:\WINDOWS\SYSTEM32\ntdll.dll
0x00007ff8784e0000 - 0x00007ff87859d000 	C:\WINDOWS\System32\KERNEL32.DLL
0x00007ff875e60000 - 0x00007ff876128000 	C:\WINDOWS\System32\KERNELBASE.dll
0x00007ff876210000 - 0x00007ff876310000 	C:\WINDOWS\System32\ucrtbase.dll
0x00007ff86f740000 - 0x00007ff86f75a000 	C:\Program Files\AdoptOpenJDK\jdk-17.0.2\bin\VCRUNTIME140.dll
0x00007ff86f790000 - 0x00007ff86f7a8000 	C:\Program Files\AdoptOpenJDK\jdk-17.0.2\bin\jli.dll
0x00007ff876ca0000 - 0x00007ff876e40000 	C:\WINDOWS\System32\USER32.dll
0x00007ff876130000 - 0x00007ff876152000 	C:\WINDOWS\System32\win32u.dll
0x00007ff877c00000 - 0x00007ff877c2a000 	C:\WINDOWS\System32\GDI32.dll
0x00007ff875d50000 - 0x00007ff875e5b000 	C:\WINDOWS\System32\gdi32full.dll
0x00007ff8610f0000 - 0x00007ff86138a000 	C:\WINDOWS\WinSxS\amd64_microsoft.windows.common-controls_6595b64144ccf1df_6.0.19041.1052_none_60b8f8fd71f5e8cb\COMCTL32.dll
0x00007ff8765e0000 - 0x00007ff87667d000 	C:\WINDOWS\System32\msvcp_win.dll
0x00007ff876f70000 - 0x00007ff87700e000 	C:\WINDOWS\System32\msvcrt.dll
0x00007ff8785a0000 - 0x00007ff8785d0000 	C:\WINDOWS\System32\IMM32.DLL
0x00007ff86f780000 - 0x00007ff86f78c000 	C:\Program Files\AdoptOpenJDK\jdk-17.0.2\bin\vcruntime140_1.dll
0x00007ff859780000 - 0x00007ff85980d000 	C:\Program Files\AdoptOpenJDK\jdk-17.0.2\bin\msvcp140.dll
0x00007ff83b660000 - 0x00007ff83c221000 	C:\Program Files\AdoptOpenJDK\jdk-17.0.2\bin\server\jvm.dll
0x00007ff8782c0000 - 0x00007ff87836c000 	C:\WINDOWS\System32\ADVAPI32.dll
0x00007ff878370000 - 0x00007ff87840b000 	C:\WINDOWS\System32\sechost.dll
0x00007ff878070000 - 0x00007ff87819b000 	C:\WINDOWS\System32\RPCRT4.dll
0x00007ff877b80000 - 0x00007ff877b88000 	C:\WINDOWS\System32\PSAPI.DLL
0x00007ff86a9b0000 - 0x00007ff86a9b9000 	C:\WINDOWS\SYSTEM32\WSOCK32.dll
0x00007ff8603a0000 - 0x00007ff8603c7000 	C:\WINDOWS\SYSTEM32\WINMM.dll
0x00007ff8771d0000 - 0x00007ff87723b000 	C:\WINDOWS\System32\WS2_32.dll
0x00007ff874b70000 - 0x00007ff874b7a000 	C:\WINDOWS\SYSTEM32\VERSION.dll
0x00007ff874980000 - 0x00007ff874992000 	C:\WINDOWS\SYSTEM32\kernel.appcore.dll
0x00007ff86b530000 - 0x00007ff86b53a000 	C:\Program Files\AdoptOpenJDK\jdk-17.0.2\bin\jimage.dll
0x00007ff8740f0000 - 0x00007ff8742d4000 	C:\WINDOWS\SYSTEM32\DBGHELP.DLL
0x00007ff86d450000 - 0x00007ff86d47c000 	C:\WINDOWS\SYSTEM32\dbgcore.DLL
0x00007ff876310000 - 0x00007ff876393000 	C:\WINDOWS\System32\bcryptPrimitives.dll
0x00007ff859ab0000 - 0x00007ff859aeb000 	C:\Program Files\AdoptOpenJDK\jdk-17.0.2\bin\jdwp.dll
0x00007ff86f6e0000 - 0x00007ff86f6ee000 	C:\Program Files\AdoptOpenJDK\jdk-17.0.2\bin\instrument.dll
0x00007ff86b500000 - 0x00007ff86b525000 	C:\Program Files\AdoptOpenJDK\jdk-17.0.2\bin\java.dll
0x00007ff85bdc0000 - 0x00007ff85be96000 	C:\Program Files\AdoptOpenJDK\jdk-17.0.2\bin\jsvml.dll
0x00007ff877440000 - 0x00007ff877b7f000 	C:\WINDOWS\System32\SHELL32.dll
0x00007ff872fd0000 - 0x00007ff873760000 	C:\WINDOWS\SYSTEM32\windows.storage.dll
0x00007ff877c30000 - 0x00007ff877f85000 	C:\WINDOWS\System32\combase.dll
0x00007ff8756f0000 - 0x00007ff87571c000 	C:\WINDOWS\SYSTEM32\Wldp.dll
0x00007ff878410000 - 0x00007ff8784be000 	C:\WINDOWS\System32\SHCORE.dll
0x00007ff8773e0000 - 0x00007ff877435000 	C:\WINDOWS\System32\shlwapi.dll
0x00007ff875c90000 - 0x00007ff875caf000 	C:\WINDOWS\SYSTEM32\profapi.dll
0x00007ff8641b0000 - 0x00007ff8641c9000 	C:\Program Files\AdoptOpenJDK\jdk-17.0.2\bin\net.dll
0x00007ff86d830000 - 0x00007ff86d93b000 	C:\WINDOWS\SYSTEM32\WINHTTP.dll
0x00007ff875460000 - 0x00007ff8754ca000 	C:\WINDOWS\system32\mswsock.dll
0x00007ff864190000 - 0x00007ff8641a6000 	C:\Program Files\AdoptOpenJDK\jdk-17.0.2\bin\nio.dll
0x00007ff85e110000 - 0x00007ff85e128000 	C:\Program Files\AdoptOpenJDK\jdk-17.0.2\bin\zip.dll
0x00007ff86f6d0000 - 0x00007ff86f6dc000 	C:\Program Files\AdoptOpenJDK\jdk-17.0.2\bin\dt_socket.dll
0x00007ff875150000 - 0x00007ff87518b000 	C:\WINDOWS\SYSTEM32\IPHLPAPI.DLL
0x00007ff8751f0000 - 0x00007ff8752bc000 	C:\WINDOWS\SYSTEM32\DNSAPI.dll
0x00007ff877bf0000 - 0x00007ff877bf8000 	C:\WINDOWS\System32\NSI.dll
0x00007ff86d4d0000 - 0x00007ff86d4da000 	C:\Windows\System32\rasadhlp.dll
0x00007ff86d680000 - 0x00007ff86d6ff000 	C:\WINDOWS\System32\fwpuclnt.dll
0x00007ff876400000 - 0x00007ff876427000 	C:\WINDOWS\System32\bcrypt.dll
0x00007ff869bb0000 - 0x00007ff869bc0000 	C:\Program Files\AdoptOpenJDK\jdk-17.0.2\bin\verify.dll
0x00007ff841660000 - 0x00007ff8417ee000 	C:\Program Files\AdoptOpenJDK\jdk-17.0.2\bin\awt.dll
0x00007ff877070000 - 0x00007ff87713d000 	C:\WINDOWS\System32\OLEAUT32.dll
0x00007ff8726d0000 - 0x00007ff872760000 	C:\WINDOWS\SYSTEM32\apphelp.dll
0x00007ff872930000 - 0x00007ff8729ce000 	C:\WINDOWS\system32\uxtheme.dll
0x00007ff8781a0000 - 0x00007ff8782b5000 	C:\WINDOWS\System32\MSCTF.dll
0x00007ff876e40000 - 0x00007ff876f6a000 	C:\WINDOWS\System32\ole32.dll
0x00007ff872be0000 - 0x00007ff872c0f000 	C:\WINDOWS\system32\DWMAPI.DLL
0x00007ff86f6a0000 - 0x00007ff86f6a9000 	C:\Program Files\AdoptOpenJDK\jdk-17.0.2\bin\prefs.dll
0x00007ff875640000 - 0x00007ff875658000 	C:\WINDOWS\SYSTEM32\CRYPTSP.dll
0x00007ff874e00000 - 0x00007ff874e34000 	C:\WINDOWS\system32\rsaenh.dll
0x00007ff875c10000 - 0x00007ff875c3e000 	C:\WINDOWS\SYSTEM32\USERENV.dll
0x00007ff875630000 - 0x00007ff87563c000 	C:\WINDOWS\SYSTEM32\CRYPTBASE.dll
0x00007ff86d700000 - 0x00007ff86d717000 	C:\WINDOWS\SYSTEM32\dhcpcsvc6.DLL
0x00007ff86d660000 - 0x00007ff86d67d000 	C:\WINDOWS\SYSTEM32\dhcpcsvc.DLL
0x00007ff859600000 - 0x00007ff859689000 	C:\Program Files\AdoptOpenJDK\jdk-17.0.2\bin\freetype.dll
0x00007ff8415b0000 - 0x00007ff841658000 	C:\Program Files\AdoptOpenJDK\jdk-17.0.2\bin\fontmanager.dll
0x00007ff857400000 - 0x00007ff857526000 	C:\WINDOWS\system32\opengl32.dll
0x00007ff859810000 - 0x00007ff85983c000 	C:\WINDOWS\SYSTEM32\GLU32.dll
0x00007ff86f6c0000 - 0x00007ff86f6ce000 	C:\Program Files\AdoptOpenJDK\jdk-17.0.2\bin\sunmscapi.dll
0x00007ff876430000 - 0x00007ff87658f000 	C:\WINDOWS\System32\CRYPT32.dll
0x00007ff875760000 - 0x00007ff875787000 	C:\WINDOWS\SYSTEM32\ncrypt.dll
0x00007ff875720000 - 0x00007ff87575b000 	C:\WINDOWS\SYSTEM32\NTASN1.dll
0x00007ff875870000 - 0x00007ff875882000 	C:\WINDOWS\SYSTEM32\MSASN1.dll
0x00007ff8740c0000 - 0x00007ff8740e3000 	C:\WINDOWS\SYSTEM32\gpapi.dll
0x00007ff859700000 - 0x00007ff85977f000 	C:\Program Files\AdoptOpenJDK\jdk-17.0.2\bin\mlib_image.dll
0x00007ff877240000 - 0x00007ff8772e9000 	C:\WINDOWS\System32\clbcatq.dll
0x00007ff86bd10000 - 0x00007ff86bec4000 	C:\WINDOWS\SYSTEM32\WindowsCodecs.dll
0x00007ff8545f0000 - 0x00007ff85462e000 	C:\WINDOWS\system32\dataexchange.dll
0x00007ff871880000 - 0x00007ff871a66000 	C:\WINDOWS\system32\dcomp.dll
0x00007ff874470000 - 0x00007ff8746d4000 	C:\WINDOWS\system32\d3d11.dll
0x00007ff874710000 - 0x00007ff874804000 	C:\WINDOWS\system32\dxgi.dll
0x00007ff86ca30000 - 0x00007ff86cc31000 	C:\WINDOWS\system32\twinapi.appcore.dll
0x00007ff86f0b0000 - 0x00007ff86f1a9000 	C:\WINDOWS\SYSTEM32\textinputframework.dll
0x00007ff8720f0000 - 0x00007ff87244e000 	C:\WINDOWS\System32\CoreUIComponents.dll
0x00007ff872450000 - 0x00007ff872542000 	C:\WINDOWS\System32\CoreMessaging.dll
0x00007ff8749d0000 - 0x00007ff874a03000 	C:\WINDOWS\SYSTEM32\ntmarta.dll
0x00007ff871e70000 - 0x00007ff871fc4000 	C:\WINDOWS\SYSTEM32\wintypes.dll
0x00007ff86f6b0000 - 0x00007ff86f6b9000 	C:\Program Files\AdoptOpenJDK\jdk-17.0.2\bin\management.dll
0x00007ff861aa0000 - 0x00007ff861aab000 	C:\Program Files\AdoptOpenJDK\jdk-17.0.2\bin\management_ext.dll
0x00007ff861ab0000 - 0x00007ff861b60000 	C:\WINDOWS\WinSxS\amd64_microsoft.windows.common-controls_6595b64144ccf1df_5.82.19041.844_none_423537bff6b9828c\comctl32.dll
0x00007ff876590000 - 0x00007ff8765de000 	C:\WINDOWS\System32\CFGMGR32.dll
0x00007ff870db0000 - 0x00007ff870ea6000 	C:\WINDOWS\system32\propsys.dll
0x00007ff85bc20000 - 0x00007ff85bc37000 	C:\WINDOWS\system32\NetworkExplorer.dll
0x00007ff853440000 - 0x00007ff8534a6000 	C:\Windows\System32\thumbcache.dll
0x00007ff870640000 - 0x00007ff87065d000 	C:\WINDOWS\SYSTEM32\MPR.dll
0x00007ff86f730000 - 0x00007ff86f73b000 	C:\WINDOWS\System32\drprov.dll
0x00007ff875a30000 - 0x00007ff875a8a000 	C:\WINDOWS\System32\WINSTA.dll
0x00007ff86e200000 - 0x00007ff86e218000 	C:\WINDOWS\System32\ntlanman.dll
0x00007ff86b5a0000 - 0x00007ff86b5be000 	C:\WINDOWS\System32\davclnt.dll
0x00007ff86f720000 - 0x00007ff86f72d000 	C:\WINDOWS\System32\DAVHLPR.dll
0x00007ff874f20000 - 0x00007ff874f37000 	C:\WINDOWS\System32\wkscli.dll
0x00007ff866610000 - 0x00007ff866622000 	C:\WINDOWS\SYSTEM32\cscapi.dll
0x00007ff8751e0000 - 0x00007ff8751ec000 	C:\WINDOWS\System32\netutils.dll
0x00007ff84ef80000 - 0x00007ff84efd8000 	C:\Windows\System32\dlnashext.dll
0x00007ff858380000 - 0x00007ff8583e4000 	C:\Windows\System32\PlayToDevice.dll
0x00007ff85e610000 - 0x00007ff85e630000 	C:\Windows\System32\DevDispItemProvider.dll
0x00007ff86eb40000 - 0x00007ff86ebc5000 	C:\WINDOWS\System32\MMDevApi.dll
0x00007ff875ab0000 - 0x00007ff875adc000 	C:\WINDOWS\System32\DEVOBJ.dll
0x00007ff841500000 - 0x00007ff8415a3000 	C:\WINDOWS\system32\wpdshext.dll
0x00007ff845230000 - 0x00007ff8453db000 	C:\WINDOWS\WinSxS\amd64_microsoft.windows.gdiplus_6595b64144ccf1df_1.1.19041.1023_none_91a0d43ccc8b3035\gdiplus.dll
0x00007ff85a130000 - 0x00007ff85a1d3000 	C:\Windows\System32\PortableDeviceApi.dll
0x00007ff876680000 - 0x00007ff876ae9000 	C:\WINDOWS\System32\SETUPAPI.dll
0x00007ff8763a0000 - 0x00007ff876400000 	C:\WINDOWS\System32\WINTRUST.dll
0x00007ff851770000 - 0x00007ff8517a7000 	C:\Windows\System32\EhStorShell.dll
0x00007ff859e90000 - 0x00007ff859eb6000 	C:\Windows\System32\EhStorAPI.dll
0x00007ff8710a0000 - 0x00007ff8710b4000 	C:\Windows\System32\WTSAPI32.dll
0x00007ff85e630000 - 0x00007ff85e63d000 	C:\WINDOWS\SYSTEM32\LINKINFO.dll
0x00007ff874b80000 - 0x00007ff874b8c000 	C:\WINDOWS\SYSTEM32\Secur32.dll
0x00007ff875c40000 - 0x00007ff875c71000 	C:\WINDOWS\SYSTEM32\SSPICLI.DLL
0x00007ff874aa0000 - 0x00007ff874ab9000 	C:\WINDOWS\SYSTEM32\samcli.dll
0x00007ff870d80000 - 0x00007ff870da4000 	C:\WINDOWS\SYSTEM32\SAMLIB.dll
0x00007ff870260000 - 0x00007ff870277000 	C:\WINDOWS\system32\napinsp.dll
0x00007ff870060000 - 0x00007ff87007b000 	C:\WINDOWS\system32\pnrpnsp.dll

dbghelp: loaded successfully - version: 4.0.5 - missing functions: none
symbol engine: initialized successfully - sym options: 0x614 - pdb path: .;C:\Program Files\AdoptOpenJDK\jdk-17.0.2\bin;C:\WINDOWS\SYSTEM32;C:\WINDOWS\WinSxS\amd64_microsoft.windows.common-controls_6595b64144ccf1df_6.0.19041.1052_none_60b8f8fd71f5e8cb;C:\Program Files\AdoptOpenJDK\jdk-17.0.2\bin\server;C:\WINDOWS\WinSxS\amd64_microsoft.windows.common-controls_6595b64144ccf1df_5.82.19041.844_none_423537bff6b9828c;C:\WINDOWS\WinSxS\amd64_microsoft.windows.gdiplus_6595b64144ccf1df_1.1.19041.1023_none_91a0d43ccc8b3035

VM Arguments:
jvm_args: -XX:+ShowCodeDetailsInExceptionMessages -agentlib:jdwp=transport=dt_socket,suspend=y,address=localhost:59267 -Djosm.userdata=C:\Users\Idema\AppData\Roaming\JOSM_ECLIPSE_ODS6 -Djosm.pref=C:\Users\Idema\AppData\Roaming\JOSM_ECLIPSE_ODS6 --add-opens=java.base/java.lang=ALL-UNNAMED --add-opens=java.base/jdk.internal.loader=ALL-UNNAMED --add-opens=java.base/sun.security.x509=ALL-UNNAMED --add-opens=java.desktop/javax.imageio.spi=ALL-UNNAMED --add-opens=java.desktop/javax.swing.text.html=ALL-UNNAMED --add-opens=java.prefs/java.util.prefs=ALL-UNNAMED -javaagent:C:\Users\Idema\eclipse\java-latest-released\eclipse\configuration\org.eclipse.osgi\1327\0\.cp\lib\javaagent-shaded.jar -Dfile.encoding=UTF-8 --module-path=C:\Users\Idema\.m2\repository\javax\media\jai_core\1.1.3\jai_core-1.1.3.jar 
java_command: org.openstreetmap.josm.gui.MainApplication
java_class_path (initial): C:\Program Files (x86)\Java\jre1.8.0_321\lib\resources.jar;C:\Program Files (x86)\Java\jre1.8.0_321\lib\rt.jar;C:\Program Files (x86)\Java\jre1.8.0_321\lib\jsse.jar;C:\Program Files (x86)\Java\jre1.8.0_321\lib\jce.jar;C:\Program Files (x86)\Java\jre1.8.0_321\lib\charsets.jar;C:\Program Files (x86)\Java\jre1.8.0_321\lib\jfr.jar;C:\Program Files (x86)\Java\jre1.8.0_321\lib\ext\access-bridge-32.jar;C:\Program Files (x86)\Java\jre1.8.0_321\lib\ext\cldrdata.jar;C:\Program Files (x86)\Java\jre1.8.0_321\lib\ext\dnsns.jar;C:\Program Files (x86)\Java\jre1.8.0_321\lib\ext\jaccess.jar;C:\Program Files (x86)\Java\jre1.8.0_321\lib\ext\jfxrt.jar;C:\Program Files (x86)\Java\jre1.8.0_321\lib\ext\localedata.jar;C:\Program Files (x86)\Java\jre1.8.0_321\lib\ext\nashorn.jar;C:\Program Files (x86)\Java\jre1.8.0_321\lib\ext\sunec.jar;C:\Program Files (x86)\Java\jre1.8.0_321\lib\ext\sunjce_provider.jar;C:\Program Files (x86)\Java\jre1.8.0_321\lib\ext\sunmscapi.jar;C:\Program Files (x86)\Java\jre1.8.0_321\lib\ext\sunpkcs11.jar;C:\Program Files (x86)\Java\jre1.8.0_321\lib\ext\zipfs.jar;C:\Users\Idema\git\josm-ods-bag\target\classes;C:\Users\Idema\.m2\repository\org\osgeo\proj4j\0.1.0\proj4j-0.1.0.jar;C:\Users\Idema\.m2\repository\com\fasterxml\jackson\core\jackson-databind\2.13.0\jackson-databind-2.13.0.jar;C:\Users\Idema\.m2\repository\com\fasterxml\jackson\core\jackson-annotations\2.13.0\jackson-annotations-2.13.0.jar;C:\Users\Idema\.m2\repository\com\fasterxml\jackson\core\jackson-core\2.13.0\jackson-core-2.13.0.jar;C:\Users\Idema\.m2\repository\commons-lang\commons-lang\2.6\commons-lang-2.6.jar;C:\Users\Idema\.m2\repository\org\junit\jupiter\junit-jupiter-api\5.1.0\junit-jupiter-api-5.1.0.jar;C:\Users\Idema\.m2\repository\org\apiguardian\apiguardian-api\1.0.0\apiguardian-api-1.0.0.jar;C:\Users\Idema\.m2\repository\org\opentest4j\opentest4j\1.0.0\opentest4j-1.0.0.jar;C:\Users\Idema\.m2\repository\org\junit\platform\junit-platform-commons\1.1.0\junit-platform-
Launcher Type: SUN_STANDARD

[Global flags]
     intx CICompilerCount                          = 3                                         {product} {ergonomic}
     uint ConcGCThreads                            = 1                                         {product} {ergonomic}
     uint G1ConcRefinementThreads                  = 4                                         {product} {ergonomic}
   size_t G1HeapRegionSize                         = 1048576                                   {product} {ergonomic}
    uintx GCDrainStackTargetSize                   = 64                                        {product} {ergonomic}
   size_t InitialHeapSize                          = 134217728                                 {product} {ergonomic}
   size_t MarkStackSize                            = 4194304                                   {product} {ergonomic}
   size_t MaxHeapSize                              = 2116026368                                {product} {ergonomic}
   size_t MaxNewSize                               = 1268776960                                {product} {ergonomic}
   size_t MinHeapDeltaBytes                        = 1048576                                   {product} {ergonomic}
   size_t MinHeapSize                              = 8388608                                   {product} {ergonomic}
    uintx NonNMethodCodeHeapSize                   = 5832780                                {pd product} {ergonomic}
    uintx NonProfiledCodeHeapSize                  = 122912730                              {pd product} {ergonomic}
    uintx ProfiledCodeHeapSize                     = 122912730                              {pd product} {ergonomic}
    uintx ReservedCodeCacheSize                    = 251658240                              {pd product} {ergonomic}
     bool SegmentedCodeCache                       = true                                      {product} {ergonomic}
     bool ShowCodeDetailsInExceptionMessages       = true                                   {manageable} {command line}
   size_t SoftMaxHeapSize                          = 2116026368                             {manageable} {ergonomic}
     bool UseCompressedClassPointers               = true                           {product lp64_product} {ergonomic}
     bool UseCompressedOops                        = true                           {product lp64_product} {ergonomic}
     bool UseG1GC                                  = true                                      {product} {ergonomic}
     bool UseLargePagesIndividualAllocation        = false                                  {pd product} {ergonomic}

Logging:
Log output configuration:
 #0: stdout all=warning uptime,level,tags
 #1: stderr all=off uptime,level,tags

Environment Variables:
JAVA_HOME=C:\Program Files\AdoptOpenJDK\jdk-17.0.2
PATH=C:/Program Files/AdoptOpenJDK/jdk-17.0.2/bin/server;C:/Program Files/AdoptOpenJDK/jdk-17.0.2/bin;C:\Program Files\AdoptOpenJDK\jdk-17.0.2\bin;C:\Program Files\Common Files\Microsoft Shared\Windows Live;C:\Program Files (x86)\Common Files\Microsoft Shared\Windows Live;C:\Program Files\Dell\DW WLAN Card;c:\Program Files (x86)\Intel\iCLS Client\;c:\Program Files\Intel\iCLS Client\;C:\WINDOWS\system32;C:\WINDOWS;C:\WINDOWS\System32\Wbem;C:\WINDOWS\System32\WindowsPowerShell\v1.0\;c:\Program Files\WIDCOMM\Bluetooth Software\;c:\Program Files\WIDCOMM\Bluetooth Software\syswow64;C:\Program Files (x86)\Windows Live\Shared;C:\Program Files (x86)\QuickTime\QTSystem\;C:\WINDOWS\System32\OpenSSH\;C:\Users\Idema\Documents\Gertjan\tools\jaxb-ri\bin;C:\Program Files\Git\cmd;C:\Users\Idema\AppData\Local\Microsoft\WindowsApps;C:\Program Files\apache-maven-3.8.4\bin;;C:\WINDOWS\system32;
USERNAME=Idema
OS=Windows_NT
PROCESSOR_IDENTIFIER=Intel64 Family 6 Model 58 Stepping 9, GenuineIntel



---------------  S Y S T E M  ---------------

OS:
 Windows 10 , 64 bit Build 19041 (10.0.19041.1023)
OS uptime: 2 days 1:21 hours

CPU: total 4 (initial active 4) (2 cores per cpu, 2 threads per core) family 6 model 58 stepping 9 microcode 0x21, cx8, cmov, fxsr, ht, mmx, sse, sse2, sse3, ssse3, sse4.1, sse4.2, popcnt, tsc, tscinvbit, avx, aes, erms, clmul, vzeroupper, clflush

Memory: 4k page, system-wide physical 8067M (2670M free)
TotalPageFile size 16259M (AvailPageFile size 8963M)
current process WorkingSet (physical memory assigned to process): 446M, peak: 473M
current process commit charge ("private bytes"): 484M, peak: 493M

vm_info: OpenJDK 64-Bit Server VM (17.0.2+8-86) for windows-amd64 JRE (17.0.2+8-86), built on Dec  7 2021 21:49:10 by "mach5one" with MS VC++ 16.8 / 16.9 (VS2019)

END.
